[18/Aug/2018:13:30:29 +0530] 0:0:0:0:0:0:0:1 "GET /onlineparking/mvc/walletMoney?7 HTTP/1.1" 405 (458 ms)
[18/Aug/2018:13:30:30 +0530] 0:0:0:0:0:0:0:1 "GET /favicon.ico HTTP/1.1" 404 (0 ms)
[18/Aug/2018:13:31:18 +0530] 0:0:0:0:0:0:0:1 "GET /onlineparking/mvc/walletMoney?userId=7 HTTP/1.1" 405 (86 ms)
[18/Aug/2018:13:31:38 +0530] 0:0:0:0:0:0:0:1 "GET /onlineparking HTTP/1.1" 302 (0 ms)
[18/Aug/2018:13:31:38 +0530] 0:0:0:0:0:0:0:1 "GET /onlineparking/ HTTP/1.1" 200 (149 ms)
[18/Aug/2018:13:31:38 +0530] 0:0:0:0:0:0:0:1 "GET /onlineparking/layout/login/login.html HTTP/1.1" 200 (69 ms)
[18/Aug/2018:13:31:38 +0530] 0:0:0:0:0:0:0:1 "GET /onlineparking/layout/login/login.css HTTP/1.1" 200 (186 ms)
[18/Aug/2018:13:31:38 +0530] 0:0:0:0:0:0:0:1 "GET /onlineparking/layout/node_modules/jquery/dist/jquery.min.js HTTP/1.1" 200 (282 ms)
[18/Aug/2018:13:31:38 +0530] 0:0:0:0:0:0:0:1 "GET /onlineparking/layout/node_modules/toastr/build/toastr.min.js HTTP/1.1" 200 (317 ms)
[18/Aug/2018:13:31:39 +0530] 0:0:0:0:0:0:0:1 "GET /onlineparking/layout/login/login.js HTTP/1.1" 200 (419 ms)
[18/Aug/2018:13:31:39 +0530] 0:0:0:0:0:0:0:1 "GET /onlineparking/layout/login/register.js HTTP/1.1" 200 (434 ms)
[18/Aug/2018:13:31:39 +0530] 0:0:0:0:0:0:0:1 "GET /onlineparking/layout/node_modules/toastr/build/toastr.min.css HTTP/1.1" 200 (475 ms)
[18/Aug/2018:13:31:39 +0530] 0:0:0:0:0:0:0:1 "GET /onlineparking/layout/images/parking.jpg HTTP/1.1" 200 (51 ms)
[18/Aug/2018:13:31:42 +0530] 0:0:0:0:0:0:0:1 "GET /onlineparking/mvc/city HTTP/1.1" 200 (2194 ms)
[18/Aug/2018:13:31:45 +0530] 0:0:0:0:0:0:0:1 "GET /onlineparking//mvc/walletMoney?userId=7 HTTP/1.1" 405 (9 ms)
[18/Aug/2018:13:33:37 +0530] 0:0:0:0:0:0:0:1 "GET /onlineparking//mvc/walletMoney?userId=7 HTTP/1.1" 500 (1082 ms)
[18/Aug/2018:13:36:04 +0530] 0:0:0:0:0:0:0:1 "GET /onlineparking//mvc/walletMoney?userId=7 HTTP/1.1" 200 (681 ms)
[18/Aug/2018:13:52:51 +0530] 0:0:0:0:0:0:0:1 "GET /onlineparking/mvc/login?un=anilingle91@gmail.com&password=1234 HTTP/1.1" 200 (2197 ms)
[18/Aug/2018:13:53:04 +0530] 0:0:0:0:0:0:0:1 "GET /onlineparking/mvc/walletMoney?userId=undefined HTTP/1.1" 400 (1226 ms)
[18/Aug/2018:13:53:04 +0530] 0:0:0:0:0:0:0:1 "GET /onlineparking/mvc/city HTTP/1.1" 200 (1241 ms)
[18/Aug/2018:13:55:01 +0530] 0:0:0:0:0:0:0:1 "GET /onlineparking/mvc/walletMoney?userId=undefined HTTP/1.1" 400 (12 ms)
[18/Aug/2018:13:55:01 +0530] 0:0:0:0:0:0:0:1 "GET /onlineparking/mvc/city HTTP/1.1" 200 (35 ms)
[18/Aug/2018:13:56:17 +0530] 0:0:0:0:0:0:0:1 "GET /onlineparking/mvc/walletMoney?userId=undefined HTTP/1.1" 400 (6 ms)
[18/Aug/2018:13:56:17 +0530] 0:0:0:0:0:0:0:1 "GET /onlineparking/mvc/city HTTP/1.1" 200 (13 ms)
[18/Aug/2018:13:58:48 +0530] 0:0:0:0:0:0:0:1 "GET /onlineparking/mvc/walletMoney?userId=undefined HTTP/1.1" 400 (388 ms)
[18/Aug/2018:13:58:52 +0530] 0:0:0:0:0:0:0:1 "GET /onlineparking/mvc/city HTTP/1.1" 500 (3901 ms)
[18/Aug/2018:13:59:19 +0530] 0:0:0:0:0:0:0:1 "GET /onlineparking/mvc/walletMoney?userId=undefined HTTP/1.1" 400 (3111 ms)
[18/Aug/2018:13:59:22 +0530] 0:0:0:0:0:0:0:1 "GET /onlineparking/mvc/city HTTP/1.1" 200 (6457 ms)
[18/Aug/2018:14:01:25 +0530] 0:0:0:0:0:0:0:1 "GET /onlineparking/mvc/walletMoney?userId=undefined HTTP/1.1" 400 (8 ms)
[18/Aug/2018:14:01:25 +0530] 0:0:0:0:0:0:0:1 "GET /onlineparking/mvc/city HTTP/1.1" 200 (39 ms)
[18/Aug/2018:14:05:20 +0530] 0:0:0:0:0:0:0:1 "GET /onlineparking/mvc/login?un=anilingle91@gmail.com&password=1234 HTTP/1.1" 200 (658 ms)
[18/Aug/2018:14:05:20 +0530] 0:0:0:0:0:0:0:1 "GET /onlineparking/mvc/walletMoney?userId=7 HTTP/1.1" 200 (140 ms)
[18/Aug/2018:14:05:21 +0530] 0:0:0:0:0:0:0:1 "GET /onlineparking/mvc/city HTTP/1.1" 200 (437 ms)
[18/Aug/2018:14:05:38 +0530] 0:0:0:0:0:0:0:1 "GET /onlineparking/mvc/walletMoney?userId=7 HTTP/1.1" 200 (8 ms)
[18/Aug/2018:14:05:38 +0530] 0:0:0:0:0:0:0:1 "GET /onlineparking/mvc/city HTTP/1.1" 200 (27 ms)
[18/Aug/2018:14:12:11 +0530] 0:0:0:0:0:0:0:1 "GET /onlineparking/mvc/walletMoney?userId=7 HTTP/1.1" 200 (366 ms)
[18/Aug/2018:14:12:11 +0530] 0:0:0:0:0:0:0:1 "GET /onlineparking/mvc/city HTTP/1.1" 200 (374 ms)
[18/Aug/2018:14:12:45 +0530] 0:0:0:0:0:0:0:1 "GET /onlineparking/mvc/walletMoney?userId=7 HTTP/1.1" 200 (138 ms)
[18/Aug/2018:14:12:45 +0530] 0:0:0:0:0:0:0:1 "GET /onlineparking/mvc/city HTTP/1.1" 200 (172 ms)
[18/Aug/2018:14:16:40 +0530] 0:0:0:0:0:0:0:1 "GET /onlineparking/mvc/city HTTP/1.1" 200 (589 ms)
[18/Aug/2018:14:16:40 +0530] 0:0:0:0:0:0:0:1 "GET /onlineparking/mvc/walletMoney?userId=7 HTTP/1.1" 200 (626 ms)
[18/Aug/2018:14:18:00 +0530] 0:0:0:0:0:0:0:1 "GET /onlineparking/mvc/city HTTP/1.1" 200 (96 ms)
[18/Aug/2018:14:18:00 +0530] 0:0:0:0:0:0:0:1 "GET /onlineparking/mvc/walletMoney?userId=7 HTTP/1.1" 200 (144 ms)
[18/Aug/2018:14:18:52 +0530] 0:0:0:0:0:0:0:1 "GET /onlineparking/mvc/city HTTP/1.1" 200 (11 ms)
[18/Aug/2018:14:18:52 +0530] 0:0:0:0:0:0:0:1 "GET /onlineparking/mvc/walletMoney?userId=7 HTTP/1.1" 200 (5 ms)
[18/Aug/2018:14:55:22 +0530] 0:0:0:0:0:0:0:1 "GET /onlineparking/mvc/login?un=anilingle91@gmail.com&password=1234 HTTP/1.1" 200 (2264 ms)
[18/Aug/2018:14:55:23 +0530] 0:0:0:0:0:0:0:1 "GET /onlineparking/mvc/walletMoney?userId=7 HTTP/1.1" 200 (127 ms)
[18/Aug/2018:14:55:24 +0530] 0:0:0:0:0:0:0:1 "GET /onlineparking/mvc/city HTTP/1.1" 200 (691 ms)
[18/Aug/2018:14:56:23 +0530] 0:0:0:0:0:0:0:1 "GET /onlineparking/mvc/login?un=anilingle91@gmail.com&password=1234 HTTP/1.1" 200 (24 ms)
[18/Aug/2018:14:57:23 +0530] 0:0:0:0:0:0:0:1 "GET /onlineparking/mvc/city HTTP/1.1" 200 (347 ms)
[18/Aug/2018:14:57:23 +0530] 0:0:0:0:0:0:0:1 "GET /onlineparking/mvc/walletMoney?userId=7 HTTP/1.1" 200 (455 ms)
[18/Aug/2018:14:58:15 +0530] 0:0:0:0:0:0:0:1 "GET /onlineparking/mvc/cityArea?cityId=3 HTTP/1.1" 200 (549 ms)
[18/Aug/2018:14:58:24 +0530] 0:0:0:0:0:0:0:1 "GET /onlineparking/mvc/areaSlot?areaId=6 HTTP/1.1" 200 (293 ms)
[18/Aug/2018:15:02:25 +0530] 0:0:0:0:0:0:0:1 "GET /onlineparking/mvc/walletMoney?userId=7 HTTP/1.1" 200 (580 ms)
[18/Aug/2018:15:02:25 +0530] 0:0:0:0:0:0:0:1 "GET /onlineparking/mvc/city HTTP/1.1" 200 (731 ms)
[18/Aug/2018:15:11:15 +0530] 0:0:0:0:0:0:0:1 "GET /onlineparking/mvc/city HTTP/1.1" 200 (2069 ms)
[18/Aug/2018:15:11:15 +0530] 0:0:0:0:0:0:0:1 "GET /onlineparking/mvc/walletMoney?userId=7 HTTP/1.1" 200 (2093 ms)
[18/Aug/2018:15:11:42 +0530] 0:0:0:0:0:0:0:1 "GET /onlineparking//mvc/walletMoney?userId=7 HTTP/1.1" 200 (137 ms)
[18/Aug/2018:15:16:31 +0530] 0:0:0:0:0:0:0:1 "GET /onlineparking/mvc/login?un=anilingle91@gmail.com&password=1234 HTTP/1.1" 200 (79 ms)
[18/Aug/2018:15:16:31 +0530] 0:0:0:0:0:0:0:1 "GET /onlineparking/mvc/walletMoney?userId=7 HTTP/1.1" 200 (8 ms)
[18/Aug/2018:15:16:31 +0530] 0:0:0:0:0:0:0:1 "GET /onlineparking/mvc/city HTTP/1.1" 200 (34 ms)
[18/Aug/2018:15:20:23 +0530] 0:0:0:0:0:0:0:1 "GET /onlineparking/mvc/cityArea?cityId=4 HTTP/1.1" 200 (26 ms)
[18/Aug/2018:15:20:25 +0530] 0:0:0:0:0:0:0:1 "GET /onlineparking/mvc/areaSlot?areaId=7 HTTP/1.1" 200 (63 ms)
[18/Aug/2018:15:28:36 +0530] 0:0:0:0:0:0:0:1 "GET /onlineparking/mvc/login?un=anilingle91@gmail.com&password=1234 HTTP/1.1" 200 (401 ms)
[18/Aug/2018:15:28:36 +0530] 0:0:0:0:0:0:0:1 "GET /onlineparking/mvc/walletMoney?userId=7 HTTP/1.1" 200 (4 ms)
[18/Aug/2018:15:28:36 +0530] 0:0:0:0:0:0:0:1 "GET /onlineparking/mvc/city HTTP/1.1" 200 (58 ms)
[18/Aug/2018:15:28:53 +0530] 0:0:0:0:0:0:0:1 "GET /onlineparking/mvc/cityArea?cityId=4 HTTP/1.1" 200 (188 ms)
[18/Aug/2018:15:28:55 +0530] 0:0:0:0:0:0:0:1 "GET /onlineparking/mvc/areaSlot?areaId=7 HTTP/1.1" 200 (6 ms)
[18/Aug/2018:15:32:59 +0530] 0:0:0:0:0:0:0:1 "GET /onlineparking/mvc/city HTTP/1.1" 200 (89 ms)
[18/Aug/2018:15:32:59 +0530] 0:0:0:0:0:0:0:1 "GET /onlineparking/mvc/walletMoney?userId=7 HTTP/1.1" 200 (149 ms)
[18/Aug/2018:15:33:32 +0530] 0:0:0:0:0:0:0:1 "GET /onlineparking/mvc/cityArea?cityId=4 HTTP/1.1" 200 (102 ms)
[18/Aug/2018:15:33:33 +0530] 0:0:0:0:0:0:0:1 "GET /onlineparking/mvc/areaSlot?areaId=7 HTTP/1.1" 200 (90 ms)
[18/Aug/2018:15:35:37 +0530] 0:0:0:0:0:0:0:1 "GET /onlineparking/mvc/city HTTP/1.1" 200 (43 ms)
[18/Aug/2018:15:35:37 +0530] 0:0:0:0:0:0:0:1 "GET /onlineparking/mvc/walletMoney?userId=7 HTTP/1.1" 200 (160 ms)
[18/Aug/2018:15:35:44 +0530] 0:0:0:0:0:0:0:1 "GET /onlineparking/mvc/cityArea?cityId=4 HTTP/1.1" 200 (45 ms)
[18/Aug/2018:15:35:45 +0530] 0:0:0:0:0:0:0:1 "GET /onlineparking/mvc/areaSlot?areaId=7 HTTP/1.1" 200 (9 ms)
[18/Aug/2018:15:36:44 +0530] 0:0:0:0:0:0:0:1 "GET /onlineparking/mvc/walletMoney?userId=7 HTTP/1.1" 200 (14 ms)
[18/Aug/2018:15:36:44 +0530] 0:0:0:0:0:0:0:1 "GET /onlineparking/mvc/city HTTP/1.1" 200 (146 ms)
[18/Aug/2018:15:36:51 +0530] 0:0:0:0:0:0:0:1 "GET /onlineparking/mvc/cityArea?cityId=4 HTTP/1.1" 200 (13 ms)
[18/Aug/2018:15:36:53 +0530] 0:0:0:0:0:0:0:1 "GET /onlineparking/mvc/areaSlot?areaId=7 HTTP/1.1" 200 (4 ms)
[18/Aug/2018:18:23:37 +0530] 0:0:0:0:0:0:0:1 "GET /onlineparking/mvc/login?un=anilingle91@gmail.com&password=1234 HTTP/1.1" 200 (5146 ms)
[18/Aug/2018:18:23:38 +0530] 0:0:0:0:0:0:0:1 "GET /onlineparking/mvc/login?un=anilingle91@gmail.com&password=1234 HTTP/1.1" 200 (712 ms)
[18/Aug/2018:18:23:40 +0530] 0:0:0:0:0:0:0:1 "GET /onlineparking/mvc/city HTTP/1.1" 500 (1366 ms)
[18/Aug/2018:18:23:41 +0530] 0:0:0:0:0:0:0:1 "GET /onlineparking/mvc/walletMoney?userId=7 HTTP/1.1" 200 (2098 ms)
[18/Aug/2018:18:23:42 +0530] 0:0:0:0:0:0:0:1 "GET /onlineparking/mvc/walletMoney?userId=7 HTTP/1.1" 200 (364 ms)
[18/Aug/2018:18:23:42 +0530] 0:0:0:0:0:0:0:1 "GET /onlineparking/mvc/city HTTP/1.1" 200 (818 ms)
[18/Aug/2018:18:24:08 +0530] 0:0:0:0:0:0:0:1 "GET /onlineparking/mvc/cityArea?cityId=4 HTTP/1.1" 200 (210 ms)
[18/Aug/2018:18:24:10 +0530] 0:0:0:0:0:0:0:1 "GET /onlineparking/mvc/areaSlot?areaId=7 HTTP/1.1" 200 (166 ms)
[18/Aug/2018:18:28:02 +0530] 0:0:0:0:0:0:0:1 "GET /onlineparking/mvc/walletMoney?userId=7 HTTP/1.1" 200 (1405 ms)
[18/Aug/2018:18:28:02 +0530] 0:0:0:0:0:0:0:1 "GET /onlineparking/mvc/city HTTP/1.1" 200 (1526 ms)
[18/Aug/2018:18:28:29 +0530] 0:0:0:0:0:0:0:1 "GET /onlineparking/mvc/walletMoney?userId=7 HTTP/1.1" 200 (1178 ms)
[18/Aug/2018:18:28:31 +0530] 0:0:0:0:0:0:0:1 "GET /onlineparking/mvc/city HTTP/1.1" 200 (3858 ms)
[18/Aug/2018:18:30:32 +0530] 0:0:0:0:0:0:0:1 "GET /onlineparking/mvc/walletMoney?userId=7 HTTP/1.1" 200 (106 ms)
[18/Aug/2018:18:30:32 +0530] 0:0:0:0:0:0:0:1 "GET /onlineparking/mvc/city HTTP/1.1" 200 (493 ms)
[18/Aug/2018:18:30:46 +0530] 0:0:0:0:0:0:0:1 "GET /onlineparking/mvc/walletMoney?userId=7 HTTP/1.1" 200 (399 ms)
[18/Aug/2018:18:30:47 +0530] 0:0:0:0:0:0:0:1 "GET /onlineparking/mvc/city HTTP/1.1" 200 (880 ms)
[18/Aug/2018:18:31:06 +0530] 0:0:0:0:0:0:0:1 "GET /onlineparking/mvc/walletMoney?userId=7 HTTP/1.1" 200 (337 ms)
[18/Aug/2018:18:31:06 +0530] 0:0:0:0:0:0:0:1 "GET /onlineparking/mvc/city HTTP/1.1" 200 (761 ms)
[18/Aug/2018:18:31:47 +0530] 0:0:0:0:0:0:0:1 "GET /onlineparking/mvc/walletMoney?userId=7 HTTP/1.1" 200 (253 ms)
[18/Aug/2018:18:32:07 +0530] 0:0:0:0:0:0:0:1 "GET /onlineparking/mvc/city HTTP/1.1" 200 (21064 ms)
[18/Aug/2018:18:41:52 +0530] 0:0:0:0:0:0:0:1 "GET /onlineparking/mvc/city HTTP/1.1" 200 (1243 ms)
[18/Aug/2018:18:41:52 +0530] 0:0:0:0:0:0:0:1 "GET /onlineparking/mvc/walletMoney?userId=7 HTTP/1.1" 200 (1517 ms)
[18/Aug/2018:18:45:00 +0530] 0:0:0:0:0:0:0:1 "GET /onlineparking/mvc/login?un=anilingle91@gmail.com&password=1234 HTTP/1.1" 200 (921 ms)
[18/Aug/2018:18:45:00 +0530] 0:0:0:0:0:0:0:1 "GET /onlineparking/mvc/walletMoney?userId=7 HTTP/1.1" 200 (474 ms)
[18/Aug/2018:18:45:01 +0530] 0:0:0:0:0:0:0:1 "GET /onlineparking/mvc/city HTTP/1.1" 200 (879 ms)
[18/Aug/2018:18:45:13 +0530] 0:0:0:0:0:0:0:1 "GET /onlineparking/mvc/cityArea?cityId=4 HTTP/1.1" 200 (78 ms)
[18/Aug/2018:18:45:14 +0530] 0:0:0:0:0:0:0:1 "GET /onlineparking/mvc/areaSlot?areaId=7 HTTP/1.1" 200 (179 ms)
[18/Aug/2018:18:49:41 +0530] 0:0:0:0:0:0:0:1 "GET /onlineparking/mvc/walletMoney?userId=7 HTTP/1.1" 200 (75 ms)
[18/Aug/2018:18:49:41 +0530] 0:0:0:0:0:0:0:1 "GET /onlineparking/mvc/city HTTP/1.1" 200 (243 ms)
[18/Aug/2018:18:50:05 +0530] 0:0:0:0:0:0:0:1 "GET /onlineparking/mvc/walletMoney?userId=7 HTTP/1.1" 200 (394 ms)
[18/Aug/2018:18:50:05 +0530] 0:0:0:0:0:0:0:1 "GET /onlineparking/mvc/city HTTP/1.1" 200 (644 ms)
[18/Aug/2018:18:54:58 +0530] 0:0:0:0:0:0:0:1 "GET /onlineparking/mvc/walletMoney?userId=7 HTTP/1.1" 200 (261 ms)
[18/Aug/2018:18:54:58 +0530] 0:0:0:0:0:0:0:1 "GET /onlineparking/mvc/city HTTP/1.1" 200 (338 ms)
[18/Aug/2018:19:02:04 +0530] 0:0:0:0:0:0:0:1 "GET /onlineparking/mvc/walletMoney?userId=7 HTTP/1.1" 200 (2281 ms)
[18/Aug/2018:19:02:05 +0530] 0:0:0:0:0:0:0:1 "GET /onlineparking/mvc/city HTTP/1.1" 200 (2603 ms)
[18/Aug/2018:19:02:57 +0530] 0:0:0:0:0:0:0:1 "GET /onlineparking/mvc/login?un=anilingle91@gmail.com&password=1234 HTTP/1.1" 200 (600 ms)
[18/Aug/2018:19:02:58 +0530] 0:0:0:0:0:0:0:1 "GET /onlineparking/mvc/walletMoney?userId=7 HTTP/1.1" 200 (187 ms)
[18/Aug/2018:19:02:59 +0530] 0:0:0:0:0:0:0:1 "GET /onlineparking/mvc/city HTTP/1.1" 200 (1030 ms)
[18/Aug/2018:19:03:06 +0530] 0:0:0:0:0:0:0:1 "GET /onlineparking/mvc/cityArea?cityId=5 HTTP/1.1" 200 (48 ms)
[18/Aug/2018:19:03:08 +0530] 0:0:0:0:0:0:0:1 "GET /onlineparking/mvc/areaSlot?areaId=8 HTTP/1.1" 200 (179 ms)
[18/Aug/2018:19:04:33 +0530] 0:0:0:0:0:0:0:1 "GET /onlineparking/mvc/walletMoney?userId=7 HTTP/1.1" 200 (297 ms)
[18/Aug/2018:19:04:33 +0530] 0:0:0:0:0:0:0:1 "GET /onlineparking/mvc/city HTTP/1.1" 200 (447 ms)
[18/Aug/2018:19:04:44 +0530] 0:0:0:0:0:0:0:1 "GET /onlineparking/mvc/cityArea?cityId=4 HTTP/1.1" 200 (324 ms)
[18/Aug/2018:19:04:47 +0530] 0:0:0:0:0:0:0:1 "GET /onlineparking/mvc/areaSlot?areaId=7 HTTP/1.1" 200 (421 ms)
[18/Aug/2018:19:15:21 +0530] 0:0:0:0:0:0:0:1 "GET /onlineparking/mvc/walletMoney?userId=7 HTTP/1.1" 200 (326 ms)
[18/Aug/2018:19:15:22 +0530] 0:0:0:0:0:0:0:1 "GET /onlineparking/mvc/city HTTP/1.1" 200 (633 ms)
[18/Aug/2018:19:34:51 +0530] 0:0:0:0:0:0:0:1 "GET /onlineparking/mvc/login?un=anilingle91@gmail.com&password=1234 HTTP/1.1" 200 (266 ms)
[18/Aug/2018:19:34:57 +0530] 0:0:0:0:0:0:0:1 "GET /onlineparking/mvc/city HTTP/1.1" 200 (207 ms)
[18/Aug/2018:19:34:57 +0530] 0:0:0:0:0:0:0:1 "GET /onlineparking/mvc/walletMoney?userId=7 HTTP/1.1" 200 (231 ms)
[18/Aug/2018:19:35:03 +0530] 0:0:0:0:0:0:0:1 "GET /onlineparking/mvc/cityArea?cityId=4 HTTP/1.1" 200 (107 ms)
[18/Aug/2018:19:35:12 +0530] 0:0:0:0:0:0:0:1 "GET /onlineparking/mvc/areaSlot?areaId=7 HTTP/1.1" 200 (343 ms)
[18/Aug/2018:19:36:14 +0530] 0:0:0:0:0:0:0:1 "GET /onlineparking/mvc/cityArea?cityId=5 HTTP/1.1" 200 (155 ms)
[18/Aug/2018:19:36:18 +0530] 0:0:0:0:0:0:0:1 "GET /onlineparking/mvc/areaSlot?areaId=8 HTTP/1.1" 200 (98 ms)
[18/Aug/2018:19:37:23 +0530] 0:0:0:0:0:0:0:1 "GET /onlineparking/mvc/login?un=anilingle91@gmail.com&password=1234 HTTP/1.1" 200 (241 ms)
[18/Aug/2018:19:37:29 +0530] 0:0:0:0:0:0:0:1 "GET /onlineparking/mvc/walletMoney?userId=7 HTTP/1.1" 200 (264 ms)
[18/Aug/2018:19:37:30 +0530] 0:0:0:0:0:0:0:1 "GET /onlineparking/mvc/city HTTP/1.1" 200 (600 ms)
[18/Aug/2018:19:37:52 +0530] 0:0:0:0:0:0:0:1 "GET /onlineparking/mvc/cityArea?cityId=5 HTTP/1.1" 200 (51 ms)
[18/Aug/2018:19:38:17 +0530] 0:0:0:0:0:0:0:1 "GET /onlineparking/mvc/areaSlot?areaId=8 HTTP/1.1" 200 (88 ms)
[18/Aug/2018:19:39:52 +0530] 0:0:0:0:0:0:0:1 "GET /onlineparking/mvc/login?un=anilingle91@gmail.com&password=1234 HTTP/1.1" 200 (370 ms)
[18/Aug/2018:19:39:52 +0530] 0:0:0:0:0:0:0:1 "GET /onlineparking/mvc/walletMoney?userId=7 HTTP/1.1" 200 (310 ms)
[18/Aug/2018:19:39:52 +0530] 0:0:0:0:0:0:0:1 "GET /onlineparking/mvc/city HTTP/1.1" 200 (555 ms)
[18/Aug/2018:19:40:01 +0530] 0:0:0:0:0:0:0:1 "GET /onlineparking/mvc/cityArea?cityId=3 HTTP/1.1" 200 (553 ms)
[18/Aug/2018:19:40:06 +0530] 0:0:0:0:0:0:0:1 "GET /onlineparking/mvc/areaSlot?areaId=6 HTTP/1.1" 200 (276 ms)
[18/Aug/2018:19:41:24 +0530] 0:0:0:0:0:0:0:1 "GET /onlineparking/mvc/walletMoney?userId=7 HTTP/1.1" 200 (565 ms)
[18/Aug/2018:19:41:24 +0530] 0:0:0:0:0:0:0:1 "GET /onlineparking/mvc/city HTTP/1.1" 200 (695 ms)
[18/Aug/2018:19:41:34 +0530] 0:0:0:0:0:0:0:1 "GET /onlineparking/mvc/cityArea?cityId=3 HTTP/1.1" 200 (91 ms)
[18/Aug/2018:19:41:37 +0530] 0:0:0:0:0:0:0:1 "GET /onlineparking/mvc/areaSlot?areaId=6 HTTP/1.1" 200 (377 ms)
[18/Aug/2018:19:44:17 +0530] 0:0:0:0:0:0:0:1 "GET /onlineparking/mvc/walletMoney?userId=7 HTTP/1.1" 200 (477 ms)
[18/Aug/2018:19:44:17 +0530] 0:0:0:0:0:0:0:1 "GET /onlineparking/mvc/city HTTP/1.1" 200 (611 ms)
[18/Aug/2018:19:45:56 +0530] 0:0:0:0:0:0:0:1 "GET /onlineparking/mvc/walletMoney?userId=7 HTTP/1.1" 200 (346 ms)
[18/Aug/2018:19:45:56 +0530] 0:0:0:0:0:0:0:1 "GET /onlineparking/mvc/city HTTP/1.1" 200 (377 ms)
[18/Aug/2018:19:46:39 +0530] 0:0:0:0:0:0:0:1 "GET /onlineparking/mvc/walletMoney?userId=7 HTTP/1.1" 200 (114 ms)
[18/Aug/2018:19:46:39 +0530] 0:0:0:0:0:0:0:1 "GET /onlineparking/mvc/city HTTP/1.1" 200 (1002 ms)
[18/Aug/2018:19:46:56 +0530] 0:0:0:0:0:0:0:1 "GET /onlineparking/mvc/cityArea?cityId=4 HTTP/1.1" 200 (1522 ms)
[18/Aug/2018:19:46:57 +0530] 0:0:0:0:0:0:0:1 "GET /onlineparking/mvc/areaSlot?areaId=7 HTTP/1.1" 200 (196 ms)
[18/Aug/2018:19:51:42 +0530] 0:0:0:0:0:0:0:1 "GET /onlineparking/mvc/walletMoney?userId=7 HTTP/1.1" 200 (343 ms)
[18/Aug/2018:19:51:43 +0530] 0:0:0:0:0:0:0:1 "GET /onlineparking/mvc/city HTTP/1.1" 200 (621 ms)
[18/Aug/2018:19:52:13 +0530] 0:0:0:0:0:0:0:1 "GET /onlineparking/mvc/walletMoney?userId=7 HTTP/1.1" 200 (112 ms)
[18/Aug/2018:19:52:13 +0530] 0:0:0:0:0:0:0:1 "GET /onlineparking/mvc/city HTTP/1.1" 200 (170 ms)
[18/Aug/2018:19:52:36 +0530] 0:0:0:0:0:0:0:1 "GET /onlineparking/mvc/walletMoney?userId=7 HTTP/1.1" 200 (6749 ms)
[18/Aug/2018:19:52:38 +0530] 0:0:0:0:0:0:0:1 "GET /onlineparking/mvc/city HTTP/1.1" 200 (8670 ms)
[18/Aug/2018:19:54:24 +0530] 0:0:0:0:0:0:0:1 "GET /onlineparking/mvc/cityArea?cityId=3 HTTP/1.1" 200 (485 ms)
[18/Aug/2018:19:54:25 +0530] 0:0:0:0:0:0:0:1 "GET /onlineparking/mvc/areaSlot?areaId=6 HTTP/1.1" 200 (118 ms)
[18/Aug/2018:20:14:18 +0530] 0:0:0:0:0:0:0:1 "GET /onlineparking/mvc/login?un=anilingle91@gmail.com&password=1234 HTTP/1.1" 200 (847 ms)
[18/Aug/2018:20:14:19 +0530] 0:0:0:0:0:0:0:1 "GET /onlineparking/mvc/walletMoney?userId=7 HTTP/1.1" 200 (157 ms)
[18/Aug/2018:20:14:19 +0530] 0:0:0:0:0:0:0:1 "GET /onlineparking/mvc/city HTTP/1.1" 200 (357 ms)
[18/Aug/2018:20:14:24 +0530] 0:0:0:0:0:0:0:1 "GET /onlineparking/mvc/cityArea?cityId=4 HTTP/1.1" 200 (189 ms)
[18/Aug/2018:20:14:25 +0530] 0:0:0:0:0:0:0:1 "GET /onlineparking/mvc/areaSlot?areaId=7 HTTP/1.1" 200 (470 ms)
[18/Aug/2018:20:15:02 +0530] 0:0:0:0:0:0:0:1 "GET /onlineparking/mvc/walletMoney?userId=7 HTTP/1.1" 200 (317 ms)
[18/Aug/2018:20:15:02 +0530] 0:0:0:0:0:0:0:1 "GET /onlineparking/mvc/city HTTP/1.1" 200 (411 ms)
[18/Aug/2018:20:15:26 +0530] 0:0:0:0:0:0:0:1 "GET /onlineparking/mvc/cityArea?cityId=5 HTTP/1.1" 200 (30 ms)
[18/Aug/2018:20:15:28 +0530] 0:0:0:0:0:0:0:1 "GET /onlineparking/mvc/areaSlot?areaId=8 HTTP/1.1" 200 (102 ms)
[18/Aug/2018:20:16:15 +0530] 0:0:0:0:0:0:0:1 "GET /onlineparking/mvc/city HTTP/1.1" 200 (290 ms)
[18/Aug/2018:20:16:16 +0530] 0:0:0:0:0:0:0:1 "GET /onlineparking/mvc/walletMoney?userId=7 HTTP/1.1" 200 (492 ms)
[18/Aug/2018:20:16:20 +0530] 0:0:0:0:0:0:0:1 "GET /onlineparking/mvc/cityArea?cityId=4 HTTP/1.1" 200 (48 ms)
[18/Aug/2018:20:16:21 +0530] 0:0:0:0:0:0:0:1 "GET /onlineparking/mvc/areaSlot?areaId=7 HTTP/1.1" 200 (13 ms)
[18/Aug/2018:20:17:42 +0530] 0:0:0:0:0:0:0:1 "GET /onlineparking/mvc/walletMoney?userId=7 HTTP/1.1" 200 (41 ms)
[18/Aug/2018:20:17:42 +0530] 0:0:0:0:0:0:0:1 "GET /onlineparking/mvc/city HTTP/1.1" 200 (149 ms)
[18/Aug/2018:20:17:45 +0530] 0:0:0:0:0:0:0:1 "GET /onlineparking/mvc/cityArea?cityId=2 HTTP/1.1" 200 (8 ms)
[18/Aug/2018:20:17:47 +0530] 0:0:0:0:0:0:0:1 "GET /onlineparking/mvc/areaSlot?areaId=5 HTTP/1.1" 200 (200 ms)
[18/Aug/2018:20:19:15 +0530] 0:0:0:0:0:0:0:1 "GET /onlineparking/mvc/walletMoney?userId=7 HTTP/1.1" 200 (42 ms)
[18/Aug/2018:20:19:16 +0530] 0:0:0:0:0:0:0:1 "GET /onlineparking/mvc/city HTTP/1.1" 200 (320 ms)
[18/Aug/2018:20:19:24 +0530] 0:0:0:0:0:0:0:1 "GET /onlineparking/mvc/cityArea?cityId=3 HTTP/1.1" 200 (29 ms)
[18/Aug/2018:20:19:29 +0530] 0:0:0:0:0:0:0:1 "GET /onlineparking/mvc/areaSlot?areaId=6 HTTP/1.1" 200 (141 ms)
[18/Aug/2018:20:20:44 +0530] 0:0:0:0:0:0:0:1 "GET /onlineparking/mvc/walletMoney?userId=7 HTTP/1.1" 200 (216 ms)
[18/Aug/2018:20:20:45 +0530] 0:0:0:0:0:0:0:1 "GET /onlineparking/mvc/city HTTP/1.1" 200 (671 ms)
[18/Aug/2018:20:22:12 +0530] 0:0:0:0:0:0:0:1 "GET /onlineparking/mvc/cityArea?cityId=5 HTTP/1.1" 200 (48 ms)
[18/Aug/2018:20:22:14 +0530] 0:0:0:0:0:0:0:1 "GET /onlineparking/mvc/areaSlot?areaId=8 HTTP/1.1" 200 (64 ms)
[18/Aug/2018:20:22:30 +0530] 0:0:0:0:0:0:0:1 "GET /onlineparking/mvc/walletMoney?userId=7 HTTP/1.1" 200 (149 ms)
[18/Aug/2018:20:22:30 +0530] 0:0:0:0:0:0:0:1 "GET /onlineparking/mvc/city HTTP/1.1" 200 (369 ms)
[18/Aug/2018:20:24:02 +0530] 0:0:0:0:0:0:0:1 "GET /onlineparking/mvc/walletMoney?userId=7 HTTP/1.1" 200 (56 ms)
[18/Aug/2018:20:24:02 +0530] 0:0:0:0:0:0:0:1 "GET /onlineparking/mvc/city HTTP/1.1" 200 (141 ms)
[18/Aug/2018:20:27:11 +0530] 0:0:0:0:0:0:0:1 "GET /onlineparking HTTP/1.1" 302 (0 ms)
[18/Aug/2018:20:27:13 +0530] 0:0:0:0:0:0:0:1 "GET /favicon.ico HTTP/1.1" 404 (0 ms)
[18/Aug/2018:20:27:13 +0530] 0:0:0:0:0:0:0:1 "GET /onlineparking/mvc/city HTTP/1.1" 200 (262 ms)
[18/Aug/2018:20:27:30 +0530] 0:0:0:0:0:0:0:1 "GET /onlineparking/mvc/login?un=anilingle91@gmail.com&password=1234 HTTP/1.1" 200 (115 ms)
[18/Aug/2018:20:27:34 +0530] 0:0:0:0:0:0:0:1 "GET /onlineparking/layout/user/user.html HTTP/1.1" 200 (4264 ms)
[18/Aug/2018:20:27:34 +0530] 0:0:0:0:0:0:0:1 "GET /onlineparking/layout/user/rederect.js HTTP/1.1" 200 (284 ms)
[18/Aug/2018:20:27:34 +0530] 0:0:0:0:0:0:0:1 "GET /onlineparking/layout/header.js HTTP/1.1" 200 (226 ms)
[18/Aug/2018:20:27:34 +0530] 0:0:0:0:0:0:0:1 "GET /onlineparking/layout/user/user.css HTTP/1.1" 200 (415 ms)
[18/Aug/2018:20:27:35 +0530] 0:0:0:0:0:0:0:1 "GET /onlineparking/layout/node_modules/bt/bootstrap.min.css HTTP/1.1" 200 (396 ms)
[18/Aug/2018:20:27:35 +0530] 0:0:0:0:0:0:0:1 "GET /onlineparking/layout/user/user.js HTTP/1.1" 200 (446 ms)
[18/Aug/2018:20:27:35 +0530] 0:0:0:0:0:0:0:1 "GET /onlineparking/layout/node_modules/bt/bootstrap.min.js HTTP/1.1" 200 (528 ms)
[18/Aug/2018:20:27:36 +0530] 0:0:0:0:0:0:0:1 "GET /onlineparking/layout/images/images.png HTTP/1.1" 200 (237 ms)
[18/Aug/2018:20:27:36 +0530] 0:0:0:0:0:0:0:1 "GET /onlineparking/mvc/city HTTP/1.1" 200 (228 ms)
[18/Aug/2018:20:27:52 +0530] 0:0:0:0:0:0:0:1 "GET /onlineparking/layout/user/wallet.html HTTP/1.1" 200 (76 ms)
[18/Aug/2018:20:27:55 +0530] 0:0:0:0:0:0:0:1 "GET /onlineparking/mvc/city HTTP/1.1" 200 (100 ms)
[18/Aug/2018:20:27:57 +0530] 0:0:0:0:0:0:0:1 "GET /onlineparking/layout/user/history.html HTTP/1.1" 200 (177 ms)
[18/Aug/2018:20:27:58 +0530] 0:0:0:0:0:0:0:1 "GET /onlineparking/layout/node_modules/ag-grid/dist/ag-grid.min.noStyle.js HTTP/1.1" 200 (774 ms)
[18/Aug/2018:20:27:58 +0530] 0:0:0:0:0:0:0:1 "GET /onlineparking/layout/node_modules/ag-grid/dist/styles/ag-grid.css HTTP/1.1" 200 (758 ms)
[18/Aug/2018:20:27:58 +0530] 0:0:0:0:0:0:0:1 "GET /onlineparking/layout/node_modules/ag-grid/dist/styles/ag-theme-balham.css HTTP/1.1" 200 (830 ms)
[18/Aug/2018:20:28:10 +0530] 0:0:0:0:0:0:0:1 "GET /onlineparking/mvc/city HTTP/1.1" 200 (312 ms)
[18/Aug/2018:20:28:15 +0530] 0:0:0:0:0:0:0:1 "GET /onlineparking/mvc/cityArea?cityId=3 HTTP/1.1" 200 (71 ms)
[18/Aug/2018:20:28:23 +0530] 0:0:0:0:0:0:0:1 "GET /onlineparking/mvc/areaSlot?areaId=6 HTTP/1.1" 200 (138 ms)
[18/Aug/2018:20:28:34 +0530] 0:0:0:0:0:0:0:1 "GET /onlineparking/layout/node_modules/bt/bootstrap.min.js.map HTTP/1.1" 404 (1393 ms)
[18/Aug/2018:20:28:34 +0530] 0:0:0:0:0:0:0:1 "GET /onlineparking/layout/node_modules/bt/bootstrap.min.css.map HTTP/1.1" 404 (1530 ms)
[18/Aug/2018:20:28:35 +0530] 0:0:0:0:0:0:0:1 "GET /onlineparking/layout/node_modules/toastr/build/toastr.js.map HTTP/1.1" 200 (2227 ms)
[18/Aug/2018:20:28:54 +0530] 0:0:0:0:0:0:0:1 "POST /onlineparking/mvc/slotBookingUsingWallet HTTP/1.1" 200 (7957 ms)
