[26/Aug/2018:11:30:04 +0530] 0:0:0:0:0:0:0:1 "GET /onlineparking/sendMail HTTP/1.1" 500 (4411 ms)
[26/Aug/2018:11:30:04 +0530] 0:0:0:0:0:0:0:1 "GET /favicon.ico HTTP/1.1" 404 (0 ms)
[26/Aug/2018:11:31:54 +0530] 0:0:0:0:0:0:0:1 "GET /onlineparking/sendMail HTTP/1.1" 500 (2574 ms)
[26/Aug/2018:11:35:17 +0530] 0:0:0:0:0:0:0:1 "GET /onlineparking/sendMail HTTP/1.1" 200 (6298 ms)
[26/Aug/2018:13:18:22 +0530] 0:0:0:0:0:0:0:1 "GET /favicon.ico HTTP/1.1" 404 (0 ms)
[26/Aug/2018:13:58:09 +0530] 0:0:0:0:0:0:0:1 "GET /onlineparking/mvc/sendMail?email=anilingle91@gmail.com HTTP/1.1" 404 (43147 ms)
[26/Aug/2018:14:02:13 +0530] 0:0:0:0:0:0:0:1 "GET /onlineparking/mvc/sendMail?email=anilingle91@gmail.com HTTP/1.1" 404 (3189 ms)
[26/Aug/2018:14:04:01 +0530] 0:0:0:0:0:0:0:1 "GET /onlineparking/mvc/sendMail?email=anilingle91@gmail.com HTTP/1.1" 404 (149 ms)
[26/Aug/2018:14:05:53 +0530] 0:0:0:0:0:0:0:1 "GET /onlineparking/mvc/sendMail?email=anilingle91@gmail.com HTTP/1.1" 200 (10292 ms)
[26/Aug/2018:14:09:37 +0530] 0:0:0:0:0:0:0:1 "GET /onlineparking/mvc/sendMail?email=anilingle91@gmail.com HTTP/1.1" 200 (4642 ms)
[26/Aug/2018:14:11:27 +0530] 0:0:0:0:0:0:0:1 "GET /onlineparking/mvc/sendMail?email=anilingle91@gmail.com HTTP/1.1" 200 (4397 ms)
[26/Aug/2018:14:15:21 +0530] 0:0:0:0:0:0:0:1 "GET /onlineparking/mvc/sendMail?email=anilingle91@gmail.com HTTP/1.1" 200 (4275 ms)
[26/Aug/2018:14:44:51 +0530] 0:0:0:0:0:0:0:1 "GET /onlineparking/mvc/sendMail?email=anilingle91@gmail.com HTTP/1.1" 200 (5087 ms)
[26/Aug/2018:14:47:46 +0530] 0:0:0:0:0:0:0:1 "GET /onlineparking/mvc/sendMail?email=anilingle91@gmail.com HTTP/1.1" 200 (5047 ms)
[26/Aug/2018:14:51:25 +0530] 0:0:0:0:0:0:0:1 "GET /onlineparking/mvc/sendMail?email=dsfsfsadgadfgda HTTP/1.1" 200 (7 ms)
[26/Aug/2018:14:52:56 +0530] 0:0:0:0:0:0:0:1 "GET /onlineparking/mvc/sendMail?email=sfsdafs HTTP/1.1" 200 (8 ms)
[26/Aug/2018:14:55:45 +0530] 0:0:0:0:0:0:0:1 "GET /onlineparking/mvc/sendMail?email=sfsdfsfddf HTTP/1.1" 200 (58 ms)
[26/Aug/2018:14:56:20 +0530] 0:0:0:0:0:0:0:1 "GET /onlineparking/mvc/sendMail?email=dfsdf HTTP/1.1" 200 (6 ms)
[26/Aug/2018:14:58:42 +0530] 0:0:0:0:0:0:0:1 "GET /onlineparking/mvc/sendMail?email=sasdasd HTTP/1.1" 200 (30 ms)
[26/Aug/2018:15:04:45 +0530] 0:0:0:0:0:0:0:1 "GET /onlineparking/mvc/sendMail?email=dgdfg HTTP/1.1" 200 (1308 ms)
[26/Aug/2018:15:05:36 +0530] 0:0:0:0:0:0:0:1 "GET /onlineparking/mvc/sendMail?email=anilingle91@gmail.com HTTP/1.1" 200 (6327 ms)
[26/Aug/2018:15:08:05 +0530] 0:0:0:0:0:0:0:1 "GET /onlineparking/mvc/sendMail?email=ddfsjkgsk HTTP/1.1" 200 (39 ms)
[26/Aug/2018:15:08:52 +0530] 0:0:0:0:0:0:0:1 "GET /onlineparking/mvc/sendMail?email=dfjskjdjgk HTTP/1.1" 200 (33 ms)
[26/Aug/2018:16:56:17 +0530] 0:0:0:0:0:0:0:1 "GET /onlineparking/sendMail?=anilingle91@gmail.com HTTP/1.1" 404 (1350 ms)
[26/Aug/2018:16:56:17 +0530] 0:0:0:0:0:0:0:1 "GET /favicon.ico HTTP/1.1" 404 (0 ms)
[26/Aug/2018:16:56:42 +0530] 0:0:0:0:0:0:0:1 "GET /onlineparking/mcv/sendMail?=anilingle91@gmail.com HTTP/1.1" 404 (87 ms)
[26/Aug/2018:16:56:51 +0530] 0:0:0:0:0:0:0:1 "GET /onlineparking/mvc/sendMail?=anilingle91@gmail.com HTTP/1.1" 400 (163 ms)
[26/Aug/2018:16:57:21 +0530] 0:0:0:0:0:0:0:1 "GET /onlineparking/mvc/sendMail/email?=anilingle91@gmail.com HTTP/1.1" 404 (14 ms)
[26/Aug/2018:16:58:00 +0530] 0:0:0:0:0:0:0:1 "GET /onlineparking/mvc/sendMail/email?=anilingle91@gmail.com HTTP/1.1" 404 (9 ms)
[26/Aug/2018:16:58:44 +0530] 0:0:0:0:0:0:0:1 "GET /onlineparking/mvc/sendMailemail?=anilingle91@gmail.com HTTP/1.1" 404 (7 ms)
[26/Aug/2018:16:59:25 +0530] 0:0:0:0:0:0:0:1 "GET /onlineparking/mvc/sendMail/email?=anilingle91@gmail.com HTTP/1.1" 404 (9 ms)
[26/Aug/2018:18:20:20 +0530] 0:0:0:0:0:0:0:1 "GET /onlineparking/mvc/sendMail?email=anilingle91@gmail.com HTTP/1.1" 200 (22993 ms)
[26/Aug/2018:21:20:41 +0530] 0:0:0:0:0:0:0:1 "GET /onlineparking/mvc/sendMail?email=anilingle91@gmail.com HTTP/1.1" 500 (27303 ms)
[26/Aug/2018:21:25:37 +0530] 0:0:0:0:0:0:0:1 "GET /onlineparking/mvc/sendMail?email=anilingle91@gmail.com HTTP/1.1" 500 (11579 ms)
[26/Aug/2018:21:28:33 +0530] 0:0:0:0:0:0:0:1 "GET /onlineparking/mvc/sendMail?email=anilingle91@gmail.com HTTP/1.1" 200 (14779 ms)
[26/Aug/2018:21:29:02 +0530] 0:0:0:0:0:0:0:1 "OPTIONS /onlineparking/mvc/validateOtp?otp=934954 HTTP/1.1" 200 (232 ms)
[26/Aug/2018:21:29:05 +0530] 0:0:0:0:0:0:0:1 "GET /onlineparking/mvc/validateOtp?otp=934954 HTTP/1.1" 200 (3199 ms)
[26/Aug/2018:23:05:14 +0530] 0:0:0:0:0:0:0:1 "GET /onlineparking/mvc/sendMail?email=anilingle91@gmail.com HTTP/1.1" 200 (9192 ms)
[26/Aug/2018:23:05:57 +0530] 0:0:0:0:0:0:0:1 "OPTIONS /onlineparking/mvc/validateOtp?otp=126847 HTTP/1.1" 200 (44 ms)
[26/Aug/2018:23:05:57 +0530] 0:0:0:0:0:0:0:1 "GET /onlineparking/mvc/validateOtp?otp=126847 HTTP/1.1" 200 (55 ms)
[26/Aug/2018:23:10:32 +0530] 0:0:0:0:0:0:0:1 "GET /onlineparking/mvc/sendMail?email=anilingle91@gmail.com HTTP/1.1" 200 (9858 ms)
[26/Aug/2018:23:10:45 +0530] 0:0:0:0:0:0:0:1 "OPTIONS /onlineparking/mvc/validateOtp?otp=940359 HTTP/1.1" 200 (7 ms)
[26/Aug/2018:23:10:45 +0530] 0:0:0:0:0:0:0:1 "GET /onlineparking/mvc/validateOtp?otp=940359 HTTP/1.1" 200 (19 ms)
[26/Aug/2018:23:13:24 +0530] 0:0:0:0:0:0:0:1 "GET /onlineparking/mvc/sendMail?email=anilingle91@gmail.com HTTP/1.1" 200 (6369 ms)
[26/Aug/2018:23:13:36 +0530] 0:0:0:0:0:0:0:1 "OPTIONS /onlineparking/mvc/validateOtp?otp=150005 HTTP/1.1" 200 (5 ms)
[26/Aug/2018:23:13:36 +0530] 0:0:0:0:0:0:0:1 "GET /onlineparking/mvc/validateOtp?otp=150005 HTTP/1.1" 200 (19 ms)
[26/Aug/2018:23:16:38 +0530] 0:0:0:0:0:0:0:1 "GET /onlineparking/mvc/sendMail?email=anilingle91@gmail.com HTTP/1.1" 200 (5580 ms)
[26/Aug/2018:23:16:48 +0530] 0:0:0:0:0:0:0:1 "OPTIONS /onlineparking/mvc/validateOtp?otp=823457 HTTP/1.1" 200 (5 ms)
[26/Aug/2018:23:16:48 +0530] 0:0:0:0:0:0:0:1 "GET /onlineparking/mvc/validateOtp?otp=823457 HTTP/1.1" 200 (19 ms)
[26/Aug/2018:23:27:08 +0530] 0:0:0:0:0:0:0:1 "GET /onlineparking/mvc/sendMail?email=anilingle91@gmail.com HTTP/1.1" 200 (5040 ms)
[26/Aug/2018:23:29:13 +0530] 0:0:0:0:0:0:0:1 "OPTIONS /onlineparking/mvc/validateOtp?otp=559504 HTTP/1.1" 200 (3 ms)
[26/Aug/2018:23:29:13 +0530] 0:0:0:0:0:0:0:1 "GET /onlineparking/mvc/validateOtp?otp=559504 HTTP/1.1" 200 (5 ms)
