[02/Sep/2018:10:22:29 +0530] 0:0:0:0:0:0:0:1 "GET / HTTP/1.1" 404 (0 ms)
[02/Sep/2018:10:22:52 +0530] 0:0:0:0:0:0:0:1 "GET / HTTP/1.1" 404 (0 ms)
[02/Sep/2018:10:23:05 +0530] 0:0:0:0:0:0:0:1 "GET /onlineparking HTTP/1.1" 302 (0 ms)
[02/Sep/2018:10:23:06 +0530] 0:0:0:0:0:0:0:1 "GET /onlineparking/ HTTP/1.1" 200 (740 ms)
[02/Sep/2018:10:23:06 +0530] 0:0:0:0:0:0:0:1 "GET /onlineparking/layout/login/login.html HTTP/1.1" 200 (250 ms)
[02/Sep/2018:10:23:06 +0530] 0:0:0:0:0:0:0:1 "GET /onlineparking/layout/login/login.css HTTP/1.1" 200 (78 ms)
[02/Sep/2018:10:23:06 +0530] 0:0:0:0:0:0:0:1 "GET /onlineparking/layout/node_modules/toastr/build/toastr.min.js HTTP/1.1" 200 (104 ms)
[02/Sep/2018:10:23:06 +0530] 0:0:0:0:0:0:0:1 "GET /onlineparking/layout/login/register.js HTTP/1.1" 200 (117 ms)
[02/Sep/2018:10:23:06 +0530] 0:0:0:0:0:0:0:1 "GET /onlineparking/layout/login/login.js HTTP/1.1" 200 (130 ms)
[02/Sep/2018:10:23:06 +0530] 0:0:0:0:0:0:0:1 "GET /onlineparking/layout/node_modules/jquery/dist/jquery.min.js HTTP/1.1" 200 (172 ms)
[02/Sep/2018:10:23:07 +0530] 0:0:0:0:0:0:0:1 "GET /onlineparking/layout/node_modules/toastr/build/toastr.min.css HTTP/1.1" 200 (190 ms)
[02/Sep/2018:10:23:07 +0530] 0:0:0:0:0:0:0:1 "GET /onlineparking/layout/images/parking.jpg HTTP/1.1" 200 (64 ms)
[02/Sep/2018:10:23:07 +0530] 0:0:0:0:0:0:0:1 "GET /favicon.ico HTTP/1.1" 404 (0 ms)
[02/Sep/2018:10:23:11 +0530] 0:0:0:0:0:0:0:1 "GET /onlineparking/mvc/city HTTP/1.1" 200 (4555 ms)
[02/Sep/2018:10:23:18 +0530] 0:0:0:0:0:0:0:1 "GET /onlineparking/mvc/login?un=anilingle91@gmail.com&password=1234 HTTP/1.1" 200 (316 ms)
[02/Sep/2018:10:23:18 +0530] 0:0:0:0:0:0:0:1 "GET /onlineparking/layout/user/user.html HTTP/1.1" 200 (65 ms)
[02/Sep/2018:10:23:18 +0530] 0:0:0:0:0:0:0:1 "GET /onlineparking/layout/user/rederect.js HTTP/1.1" 200 (39 ms)
[02/Sep/2018:10:23:18 +0530] 0:0:0:0:0:0:0:1 "GET /onlineparking/layout/user/user.css HTTP/1.1" 200 (151 ms)
[02/Sep/2018:10:23:18 +0530] 0:0:0:0:0:0:0:1 "GET /onlineparking/layout/node_modules/bt/bootstrap.min.css HTTP/1.1" 200 (157 ms)
[02/Sep/2018:10:23:19 +0530] 0:0:0:0:0:0:0:1 "GET /onlineparking/layout/header.js HTTP/1.1" 200 (192 ms)
[02/Sep/2018:10:23:19 +0530] 0:0:0:0:0:0:0:1 "GET /onlineparking/layout/user/user.js HTTP/1.1" 200 (196 ms)
[02/Sep/2018:10:23:19 +0530] 0:0:0:0:0:0:0:1 "GET /onlineparking/layout/node_modules/bt/bootstrap.min.js HTTP/1.1" 200 (216 ms)
[02/Sep/2018:10:23:19 +0530] 0:0:0:0:0:0:0:1 "GET /onlineparking/layout/images/images.png HTTP/1.1" 200 (16 ms)
[02/Sep/2018:10:23:19 +0530] 0:0:0:0:0:0:0:1 "GET /onlineparking/mvc/city HTTP/1.1" 200 (17 ms)
[02/Sep/2018:10:24:07 +0530] 0:0:0:0:0:0:0:1 "GET /onlineparking/mvc/logout HTTP/1.1" 200 (4 ms)
[02/Sep/2018:10:24:08 +0530] 0:0:0:0:0:0:0:1 "GET /onlineparking/mvc/city HTTP/1.1" 200 (11 ms)
[02/Sep/2018:10:24:16 +0530] 0:0:0:0:0:0:0:1 "GET /onlineparking/mvc/login?un=anilingle91@gmail.com&password=123411 HTTP/1.1" 500 (238 ms)
[02/Sep/2018:10:26:24 +0530] 0:0:0:0:0:0:0:1 "GET /onlineparking/mvc/login?un=anilingle91@gmail.com&password=123411 HTTP/1.1" 500 (666 ms)
