2018-08-26 11:28:01.472  INFO 4957 --- [main] c.d.o.OnlineparkingApplication           : Starting OnlineparkingApplication on anil-Lenovo-G50-80 with PID 4957 (/home/anil/dac-proj/onlineparking/target/classes started by anil in /home/anil/dac-proj/onlineparking)
2018-08-26 11:28:01.503  INFO 4957 --- [main] c.d.o.OnlineparkingApplication           : No active profile set, falling back to default profiles: default
2018-08-26 11:28:02.000  INFO 4957 --- [main] ConfigServletWebServerApplicationContext : Refreshing org.springframework.boot.web.servlet.context.AnnotationConfigServletWebServerApplicationContext@7f010382: startup date [Sun Aug 26 11:28:02 IST 2018]; root of context hierarchy
2018-08-26 11:28:04.622  INFO 4957 --- [main] o.s.b.f.s.DefaultListableBeanFactory     : Overriding bean definition for bean 'dataSource' with a different definition: replacing [Root bean: class [null]; scope=; abstract=false; lazyInit=false; autowireMode=3; dependencyCheck=0; autowireCandidate=true; primary=false; factoryBeanName=org.springframework.boot.autoconfigure.jdbc.DataSourceConfiguration$Generic; factoryMethodName=dataSource; initMethodName=null; destroyMethodName=(inferred); defined in class path resource [org/springframework/boot/autoconfigure/jdbc/DataSourceConfiguration$Generic.class]] with [Root bean: class [null]; scope=; abstract=false; lazyInit=false; autowireMode=3; dependencyCheck=0; autowireCandidate=true; primary=false; factoryBeanName=org.springframework.boot.autoconfigure.jdbc.DataSourceConfiguration$Hikari; factoryMethodName=dataSource; initMethodName=null; destroyMethodName=(inferred); defined in class path resource [org/springframework/boot/autoconfigure/jdbc/DataSourceConfiguration$Hikari.class]]
2018-08-26 11:28:06.007  INFO 4957 --- [main] o.s.b.w.embedded.tomcat.TomcatWebServer  : Tomcat initialized with port(s): 2020 (http)
2018-08-26 11:28:06.166  INFO 4957 --- [main] o.apache.catalina.core.StandardService   : Starting service [Tomcat]
2018-08-26 11:28:06.167  INFO 4957 --- [main] org.apache.catalina.core.StandardEngine  : Starting Servlet Engine: Apache Tomcat/8.5.31
2018-08-26 11:28:06.281  INFO 4957 --- [localhost-startStop-1] o.a.catalina.core.AprLifecycleListener   : The APR based Apache Tomcat Native library which allows optimal performance in production environments was not found on the java.library.path: [/usr/java/packages/lib/amd64:/usr/lib64:/lib64:/lib:/usr/lib]
2018-08-26 11:28:06.501  INFO 4957 --- [localhost-startStop-1] o.a.c.c.C.[.[.[/onlineparking]           : Initializing Spring embedded WebApplicationContext
2018-08-26 11:28:06.502  INFO 4957 --- [localhost-startStop-1] o.s.web.context.ContextLoader            : Root WebApplicationContext: initialization completed in 4502 ms
2018-08-26 11:28:06.759  INFO 4957 --- [localhost-startStop-1] o.s.b.w.servlet.FilterRegistrationBean   : Mapping filter: 'characterEncodingFilter' to: [/*]
2018-08-26 11:28:06.759  INFO 4957 --- [localhost-startStop-1] o.s.b.w.servlet.FilterRegistrationBean   : Mapping filter: 'hiddenHttpMethodFilter' to: [/*]
2018-08-26 11:28:06.760  INFO 4957 --- [localhost-startStop-1] o.s.b.w.servlet.FilterRegistrationBean   : Mapping filter: 'httpPutFormContentFilter' to: [/*]
2018-08-26 11:28:06.760  INFO 4957 --- [localhost-startStop-1] o.s.b.w.servlet.FilterRegistrationBean   : Mapping filter: 'requestContextFilter' to: [/*]
2018-08-26 11:28:06.760  INFO 4957 --- [localhost-startStop-1] o.s.b.w.servlet.FilterRegistrationBean   : Mapping filter: 'corsFilter' to: [/*]
2018-08-26 11:28:06.761  INFO 4957 --- [localhost-startStop-1] o.s.b.w.servlet.ServletRegistrationBean  : Servlet dispatcherServlet mapped to [/]
2018-08-26 11:28:07.417  INFO 4957 --- [main] o.s.w.s.handler.SimpleUrlHandlerMapping  : Mapped URL path [/**/favicon.ico] onto handler of type [class org.springframework.web.servlet.resource.ResourceHttpRequestHandler]
2018-08-26 11:28:07.797  INFO 4957 --- [main] s.w.s.m.m.a.RequestMappingHandlerAdapter : Looking for @ControllerAdvice: org.springframework.boot.web.servlet.context.AnnotationConfigServletWebServerApplicationContext@7f010382: startup date [Sun Aug 26 11:28:02 IST 2018]; root of context hierarchy
2018-08-26 11:28:07.877  INFO 4957 --- [main] s.w.s.m.m.a.RequestMappingHandlerMapping : Mapped "{[/mvc/city],methods=[GET]}" onto public java.util.List<com.dac.onlineparking.module.admin.CityVO> com.dac.onlineparking.module.admin.AdminController.selectCity(javax.servlet.http.HttpServletRequest)
2018-08-26 11:28:07.879  INFO 4957 --- [main] s.w.s.m.m.a.RequestMappingHandlerMapping : Mapped "{[/mvc/registration],methods=[POST]}" onto public boolean com.dac.onlineparking.module.admin.AdminController.register(javax.servlet.http.HttpServletRequest,com.dac.onlineparking.module.admin.RegisterVO)
2018-08-26 11:28:07.882  INFO 4957 --- [main] s.w.s.m.m.a.RequestMappingHandlerMapping : Mapped "{[/mvc/logout],methods=[GET]}" onto public boolean com.dac.onlineparking.module.login.LoginController.logout(javax.servlet.http.HttpServletRequest,javax.servlet.http.HttpServletResponse)
2018-08-26 11:28:07.883  INFO 4957 --- [main] s.w.s.m.m.a.RequestMappingHandlerMapping : Mapped "{[/sendMail]}" onto public java.lang.String com.dac.onlineparking.module.login.LoginController.sendMail()
2018-08-26 11:28:07.884  INFO 4957 --- [main] s.w.s.m.m.a.RequestMappingHandlerMapping : Mapped "{[/mvc/login],methods=[GET]}" onto public com.dac.onlineparking.module.login.LoginVO com.dac.onlineparking.module.login.LoginController.login(javax.servlet.http.HttpServletRequest,javax.servlet.http.HttpServletResponse) throws java.lang.Exception
2018-08-26 11:28:07.885  INFO 4957 --- [main] s.w.s.m.m.a.RequestMappingHandlerMapping : Mapped "{[/mvc/ownerWallet],methods=[GET]}" onto public com.dac.onlineparking.module.owner.OwnerWalletVO com.dac.onlineparking.module.owner.OwnerController.ownerAddress(int)
2018-08-26 11:28:07.886  INFO 4957 --- [main] s.w.s.m.m.a.RequestMappingHandlerMapping : Mapped "{[/mvc/ownerAddr],methods=[GET]}" onto public com.dac.onlineparking.module.owner.OwnerAddressInfoVO com.dac.onlineparking.module.owner.OwnerController.ownerWallet(int)
2018-08-26 11:28:07.889  INFO 4957 --- [main] s.w.s.m.m.a.RequestMappingHandlerMapping : Mapped "{[/mvc/cityArea],methods=[GET]}" onto public java.util.List<com.dac.onlineparking.module.user.CityAreaVO> com.dac.onlineparking.module.user.UserController.selectCityArea(javax.servlet.http.HttpServletRequest,int)
2018-08-26 11:28:07.890  INFO 4957 --- [main] s.w.s.m.m.a.RequestMappingHandlerMapping : Mapped "{[/mvc/areaSlot],methods=[GET]}" onto public java.util.List<com.dac.onlineparking.module.user.UserBookSlotVO> com.dac.onlineparking.module.user.UserController.getAreaSlot(javax.servlet.http.HttpServletRequest,int)
2018-08-26 11:28:07.891  INFO 4957 --- [main] s.w.s.m.m.a.RequestMappingHandlerMapping : Mapped "{[/mvc/slotBookingUsingWallet],methods=[POST]}" onto public boolean com.dac.onlineparking.module.user.UserController.slotBookUsingWolet(javax.servlet.http.HttpServletRequest,com.dac.onlineparking.module.user.WolletBookVO) throws java.sql.SQLException
2018-08-26 11:28:07.891  INFO 4957 --- [main] s.w.s.m.m.a.RequestMappingHandlerMapping : Mapped "{[/mvc/walletMoney],methods=[GET]}" onto public com.dac.onlineparking.module.user.WalletMoneyVO com.dac.onlineparking.module.user.UserController.walletMoney(javax.servlet.http.HttpServletRequest,int) throws java.sql.SQLException
2018-08-26 11:28:07.899  INFO 4957 --- [main] s.w.s.m.m.a.RequestMappingHandlerMapping : Mapped "{[/error],produces=[text/html]}" onto public org.springframework.web.servlet.ModelAndView org.springframework.boot.autoconfigure.web.servlet.error.BasicErrorController.errorHtml(javax.servlet.http.HttpServletRequest,javax.servlet.http.HttpServletResponse)
2018-08-26 11:28:07.901  INFO 4957 --- [main] s.w.s.m.m.a.RequestMappingHandlerMapping : Mapped "{[/error]}" onto public org.springframework.http.ResponseEntity<java.util.Map<java.lang.String, java.lang.Object>> org.springframework.boot.autoconfigure.web.servlet.error.BasicErrorController.error(javax.servlet.http.HttpServletRequest)
2018-08-26 11:28:07.952  INFO 4957 --- [main] o.s.w.s.handler.SimpleUrlHandlerMapping  : Mapped URL path [/webjars/**] onto handler of type [class org.springframework.web.servlet.resource.ResourceHttpRequestHandler]
2018-08-26 11:28:07.952  INFO 4957 --- [main] o.s.w.s.handler.SimpleUrlHandlerMapping  : Mapped URL path [/**] onto handler of type [class org.springframework.web.servlet.resource.ResourceHttpRequestHandler]
2018-08-26 11:28:08.068  INFO 4957 --- [main] o.s.b.a.w.s.WelcomePageHandlerMapping    : Adding welcome page: ServletContext resource [/index.html]
2018-08-26 11:28:08.422  INFO 4957 --- [main] o.s.j.e.a.AnnotationMBeanExporter        : Registering beans for JMX exposure on startup
2018-08-26 11:28:08.425  INFO 4957 --- [main] o.s.j.e.a.AnnotationMBeanExporter        : Bean with name 'dataSource' has been autodetected for JMX exposure
2018-08-26 11:28:08.431  INFO 4957 --- [main] o.s.j.e.a.AnnotationMBeanExporter        : Located MBean 'dataSource': registering with JMX server as MBean [com.zaxxer.hikari:name=dataSource,type=HikariDataSource]
2018-08-26 11:28:08.597  INFO 4957 --- [main] o.s.b.w.embedded.tomcat.TomcatWebServer  : Tomcat started on port(s): 2020 (http) with context path '/onlineparking'
2018-08-26 11:28:08.605  INFO 4957 --- [main] c.d.o.OnlineparkingApplication           : Started OnlineparkingApplication in 8.881 seconds (JVM running for 13.516)
2018-08-26 11:30:00.333  INFO 4957 --- [http-nio-2020-exec-1] o.a.c.c.C.[.[.[/onlineparking]           : Initializing Spring FrameworkServlet 'dispatcherServlet'
2018-08-26 11:30:00.333  INFO 4957 --- [http-nio-2020-exec-1] o.s.web.servlet.DispatcherServlet        : FrameworkServlet 'dispatcherServlet': initialization started
2018-08-26 11:30:00.373  INFO 4957 --- [http-nio-2020-exec-1] o.s.web.servlet.DispatcherServlet        : FrameworkServlet 'dispatcherServlet': initialization completed in 40 ms
2018-08-26 11:30:04.444 ERROR 4957 --- [http-nio-2020-exec-1] o.a.c.c.C.[.[.[.[dispatcherServlet]      : Servlet.service() for servlet [dispatcherServlet] in context with path [/onlineparking] threw exception [Request processing failed; nested exception is org.springframework.mail.MailAuthenticationException: Authentication failed; nested exception is javax.mail.AuthenticationFailedException: 534-5.7.14 <https://accounts.google.com/signin/continue?sarp=1&scc=1&plt=AKgnsbuW
534-5.7.14 krI7mjuDMS5Dmuh5CzN3T2GkHPaXbtDDxs95IIcddS6yjx8su0DoqMd2-v8fVEMfBa2odQ
534-5.7.14 iYKWN_N6R6NJ594b4_Mtpm80C-Xesz4HcVNGpAcs6LONICynKga855CPb2IJdFYahyfeTX
534-5.7.14 vSsL0xH6rECnBBmdXQwDe06FR0yjcGlbM6Qk10dvEqnLkAFBN3tR-igA_d8HUgWeczLB9r
534-5.7.14 iA3YnoWrKSLfsuI6G4z927UtQ4NMFY2wM-USfy-4QCClSmKM9s> Please log in via
534-5.7.14 your web browser and then try again.
534-5.7.14  Learn more at
534 5.7.14  https://support.google.com/mail/answer/78754 t14-v6sm12637019pgu.0 - gsmtp
] with root cause

javax.mail.AuthenticationFailedException: 534-5.7.14 <https://accounts.google.com/signin/continue?sarp=1&scc=1&plt=AKgnsbuW
534-5.7.14 krI7mjuDMS5Dmuh5CzN3T2GkHPaXbtDDxs95IIcddS6yjx8su0DoqMd2-v8fVEMfBa2odQ
534-5.7.14 iYKWN_N6R6NJ594b4_Mtpm80C-Xesz4HcVNGpAcs6LONICynKga855CPb2IJdFYahyfeTX
534-5.7.14 vSsL0xH6rECnBBmdXQwDe06FR0yjcGlbM6Qk10dvEqnLkAFBN3tR-igA_d8HUgWeczLB9r
534-5.7.14 iA3YnoWrKSLfsuI6G4z927UtQ4NMFY2wM-USfy-4QCClSmKM9s> Please log in via
534-5.7.14 your web browser and then try again.
534-5.7.14  Learn more at
534 5.7.14  https://support.google.com/mail/answer/78754 t14-v6sm12637019pgu.0 - gsmtp

	at com.sun.mail.smtp.SMTPTransport$Authenticator.authenticate(SMTPTransport.java:965) ~[javax.mail-1.6.1.jar:1.6.1]
	at com.sun.mail.smtp.SMTPTransport.authenticate(SMTPTransport.java:876) ~[javax.mail-1.6.1.jar:1.6.1]
	at com.sun.mail.smtp.SMTPTransport.protocolConnect(SMTPTransport.java:780) ~[javax.mail-1.6.1.jar:1.6.1]
	at javax.mail.Service.connect(Service.java:366) ~[javax.mail-1.6.1.jar:1.6.1]
	at org.springframework.mail.javamail.JavaMailSenderImpl.connectTransport(JavaMailSenderImpl.java:515) ~[spring-context-support-5.0.7.RELEASE.jar:5.0.7.RELEASE]
	at org.springframework.mail.javamail.JavaMailSenderImpl.doSend(JavaMailSenderImpl.java:435) ~[spring-context-support-5.0.7.RELEASE.jar:5.0.7.RELEASE]
	at org.springframework.mail.javamail.JavaMailSenderImpl.send(JavaMailSenderImpl.java:359) ~[spring-context-support-5.0.7.RELEASE.jar:5.0.7.RELEASE]
	at org.springframework.mail.javamail.JavaMailSenderImpl.send(JavaMailSenderImpl.java:354) ~[spring-context-support-5.0.7.RELEASE.jar:5.0.7.RELEASE]
	at com.dac.onlineparking.module.login.LoginController.sendMail(LoginController.java:72) ~[classes/:na]
	at sun.reflect.NativeMethodAccessorImpl.invoke0(Native Method) ~[na:1.8.0_181]
	at sun.reflect.NativeMethodAccessorImpl.invoke(NativeMethodAccessorImpl.java:62) ~[na:1.8.0_181]
	at sun.reflect.DelegatingMethodAccessorImpl.invoke(DelegatingMethodAccessorImpl.java:43) ~[na:1.8.0_181]
	at java.lang.reflect.Method.invoke(Method.java:498) ~[na:1.8.0_181]
	at org.springframework.web.method.support.InvocableHandlerMethod.doInvoke(InvocableHandlerMethod.java:209) ~[spring-web-5.0.7.RELEASE.jar:5.0.7.RELEASE]
	at org.springframework.web.method.support.InvocableHandlerMethod.invokeForRequest(InvocableHandlerMethod.java:136) ~[spring-web-5.0.7.RELEASE.jar:5.0.7.RELEASE]
	at org.springframework.web.servlet.mvc.method.annotation.ServletInvocableHandlerMethod.invokeAndHandle(ServletInvocableHandlerMethod.java:102) ~[spring-webmvc-5.0.7.RELEASE.jar:5.0.7.RELEASE]
	at org.springframework.web.servlet.mvc.method.annotation.RequestMappingHandlerAdapter.invokeHandlerMethod(RequestMappingHandlerAdapter.java:877) ~[spring-webmvc-5.0.7.RELEASE.jar:5.0.7.RELEASE]
	at org.springframework.web.servlet.mvc.method.annotation.RequestMappingHandlerAdapter.handleInternal(RequestMappingHandlerAdapter.java:783) ~[spring-webmvc-5.0.7.RELEASE.jar:5.0.7.RELEASE]
	at org.springframework.web.servlet.mvc.method.AbstractHandlerMethodAdapter.handle(AbstractHandlerMethodAdapter.java:87) ~[spring-webmvc-5.0.7.RELEASE.jar:5.0.7.RELEASE]
	at org.springframework.web.servlet.DispatcherServlet.doDispatch(DispatcherServlet.java:991) ~[spring-webmvc-5.0.7.RELEASE.jar:5.0.7.RELEASE]
	at org.springframework.web.servlet.DispatcherServlet.doService(DispatcherServlet.java:925) ~[spring-webmvc-5.0.7.RELEASE.jar:5.0.7.RELEASE]
	at org.springframework.web.servlet.FrameworkServlet.processRequest(FrameworkServlet.java:974) ~[spring-webmvc-5.0.7.RELEASE.jar:5.0.7.RELEASE]
	at org.springframework.web.servlet.FrameworkServlet.doGet(FrameworkServlet.java:866) ~[spring-webmvc-5.0.7.RELEASE.jar:5.0.7.RELEASE]
	at javax.servlet.http.HttpServlet.service(HttpServlet.java:635) ~[tomcat-embed-core-8.5.31.jar:8.5.31]
	at org.springframework.web.servlet.FrameworkServlet.service(FrameworkServlet.java:851) ~[spring-webmvc-5.0.7.RELEASE.jar:5.0.7.RELEASE]
	at javax.servlet.http.HttpServlet.service(HttpServlet.java:742) ~[tomcat-embed-core-8.5.31.jar:8.5.31]
	at org.apache.catalina.core.ApplicationFilterChain.internalDoFilter(ApplicationFilterChain.java:231) ~[tomcat-embed-core-8.5.31.jar:8.5.31]
	at org.apache.catalina.core.ApplicationFilterChain.doFilter(ApplicationFilterChain.java:166) ~[tomcat-embed-core-8.5.31.jar:8.5.31]
	at org.apache.tomcat.websocket.server.WsFilter.doFilter(WsFilter.java:52) ~[tomcat-embed-websocket-8.5.31.jar:8.5.31]
	at org.apache.catalina.core.ApplicationFilterChain.internalDoFilter(ApplicationFilterChain.java:193) ~[tomcat-embed-core-8.5.31.jar:8.5.31]
	at org.apache.catalina.core.ApplicationFilterChain.doFilter(ApplicationFilterChain.java:166) ~[tomcat-embed-core-8.5.31.jar:8.5.31]
	at org.springframework.web.filter.CorsFilter.doFilterInternal(CorsFilter.java:96) ~[spring-web-5.0.7.RELEASE.jar:5.0.7.RELEASE]
	at org.springframework.web.filter.OncePerRequestFilter.doFilter(OncePerRequestFilter.java:107) ~[spring-web-5.0.7.RELEASE.jar:5.0.7.RELEASE]
	at org.apache.catalina.core.ApplicationFilterChain.internalDoFilter(ApplicationFilterChain.java:193) ~[tomcat-embed-core-8.5.31.jar:8.5.31]
	at org.apache.catalina.core.ApplicationFilterChain.doFilter(ApplicationFilterChain.java:166) ~[tomcat-embed-core-8.5.31.jar:8.5.31]
	at org.springframework.web.filter.RequestContextFilter.doFilterInternal(RequestContextFilter.java:99) ~[spring-web-5.0.7.RELEASE.jar:5.0.7.RELEASE]
	at org.springframework.web.filter.OncePerRequestFilter.doFilter(OncePerRequestFilter.java:107) ~[spring-web-5.0.7.RELEASE.jar:5.0.7.RELEASE]
	at org.apache.catalina.core.ApplicationFilterChain.internalDoFilter(ApplicationFilterChain.java:193) ~[tomcat-embed-core-8.5.31.jar:8.5.31]
	at org.apache.catalina.core.ApplicationFilterChain.doFilter(ApplicationFilterChain.java:166) ~[tomcat-embed-core-8.5.31.jar:8.5.31]
	at org.springframework.web.filter.HttpPutFormContentFilter.doFilterInternal(HttpPutFormContentFilter.java:109) ~[spring-web-5.0.7.RELEASE.jar:5.0.7.RELEASE]
	at org.springframework.web.filter.OncePerRequestFilter.doFilter(OncePerRequestFilter.java:107) ~[spring-web-5.0.7.RELEASE.jar:5.0.7.RELEASE]
	at org.apache.catalina.core.ApplicationFilterChain.internalDoFilter(ApplicationFilterChain.java:193) ~[tomcat-embed-core-8.5.31.jar:8.5.31]
	at org.apache.catalina.core.ApplicationFilterChain.doFilter(ApplicationFilterChain.java:166) ~[tomcat-embed-core-8.5.31.jar:8.5.31]
	at org.springframework.web.filter.HiddenHttpMethodFilter.doFilterInternal(HiddenHttpMethodFilter.java:93) ~[spring-web-5.0.7.RELEASE.jar:5.0.7.RELEASE]
	at org.springframework.web.filter.OncePerRequestFilter.doFilter(OncePerRequestFilter.java:107) ~[spring-web-5.0.7.RELEASE.jar:5.0.7.RELEASE]
	at org.apache.catalina.core.ApplicationFilterChain.internalDoFilter(ApplicationFilterChain.java:193) ~[tomcat-embed-core-8.5.31.jar:8.5.31]
	at org.apache.catalina.core.ApplicationFilterChain.doFilter(ApplicationFilterChain.java:166) ~[tomcat-embed-core-8.5.31.jar:8.5.31]
	at org.springframework.web.filter.CharacterEncodingFilter.doFilterInternal(CharacterEncodingFilter.java:200) ~[spring-web-5.0.7.RELEASE.jar:5.0.7.RELEASE]
	at org.springframework.web.filter.OncePerRequestFilter.doFilter(OncePerRequestFilter.java:107) ~[spring-web-5.0.7.RELEASE.jar:5.0.7.RELEASE]
	at org.apache.catalina.core.ApplicationFilterChain.internalDoFilter(ApplicationFilterChain.java:193) ~[tomcat-embed-core-8.5.31.jar:8.5.31]
	at org.apache.catalina.core.ApplicationFilterChain.doFilter(ApplicationFilterChain.java:166) ~[tomcat-embed-core-8.5.31.jar:8.5.31]
	at org.apache.catalina.core.StandardWrapperValve.invoke(StandardWrapperValve.java:198) ~[tomcat-embed-core-8.5.31.jar:8.5.31]
	at org.apache.catalina.core.StandardContextValve.invoke(StandardContextValve.java:96) [tomcat-embed-core-8.5.31.jar:8.5.31]
	at org.apache.catalina.authenticator.AuthenticatorBase.invoke(AuthenticatorBase.java:496) [tomcat-embed-core-8.5.31.jar:8.5.31]
	at org.apache.catalina.core.StandardHostValve.invoke(StandardHostValve.java:140) [tomcat-embed-core-8.5.31.jar:8.5.31]
	at org.apache.catalina.valves.ErrorReportValve.invoke(ErrorReportValve.java:81) [tomcat-embed-core-8.5.31.jar:8.5.31]
	at org.apache.catalina.core.StandardEngineValve.invoke(StandardEngineValve.java:87) [tomcat-embed-core-8.5.31.jar:8.5.31]
	at org.apache.catalina.valves.AbstractAccessLogValve.invoke(AbstractAccessLogValve.java:650) [tomcat-embed-core-8.5.31.jar:8.5.31]
	at org.apache.catalina.connector.CoyoteAdapter.service(CoyoteAdapter.java:342) [tomcat-embed-core-8.5.31.jar:8.5.31]
	at org.apache.coyote.http11.Http11Processor.service(Http11Processor.java:803) [tomcat-embed-core-8.5.31.jar:8.5.31]
	at org.apache.coyote.AbstractProcessorLight.process(AbstractProcessorLight.java:66) [tomcat-embed-core-8.5.31.jar:8.5.31]
	at org.apache.coyote.AbstractProtocol$ConnectionHandler.process(AbstractProtocol.java:790) [tomcat-embed-core-8.5.31.jar:8.5.31]
	at org.apache.tomcat.util.net.NioEndpoint$SocketProcessor.doRun(NioEndpoint.java:1468) [tomcat-embed-core-8.5.31.jar:8.5.31]
	at org.apache.tomcat.util.net.SocketProcessorBase.run(SocketProcessorBase.java:49) [tomcat-embed-core-8.5.31.jar:8.5.31]
	at java.util.concurrent.ThreadPoolExecutor.runWorker(ThreadPoolExecutor.java:1149) [na:1.8.0_181]
	at java.util.concurrent.ThreadPoolExecutor$Worker.run(ThreadPoolExecutor.java:624) [na:1.8.0_181]
	at org.apache.tomcat.util.threads.TaskThread$WrappingRunnable.run(TaskThread.java:61) [tomcat-embed-core-8.5.31.jar:8.5.31]
	at java.lang.Thread.run(Thread.java:748) [na:1.8.0_181]

2018-08-26 11:31:54.468 ERROR 4957 --- [http-nio-2020-exec-4] o.a.c.c.C.[.[.[.[dispatcherServlet]      : Servlet.service() for servlet [dispatcherServlet] in context with path [/onlineparking] threw exception [Request processing failed; nested exception is org.springframework.mail.MailAuthenticationException: Authentication failed; nested exception is javax.mail.AuthenticationFailedException: 534-5.7.14 <https://accounts.google.com/signin/continue?sarp=1&scc=1&plt=AKgnsbsq
534-5.7.14 WU8vHLq1LF595eNUntM7F_rvbqSBm5YMTj_GpiDHM9nTGWCxWl8hUSHSxx2c9j4JjWNZcU
534-5.7.14 Vp9smlQc4tfr7O9dBEBnVwfA-KLE2EtejY2bK3UvpxA1ko10MtFZrSIeFz-FdY0CSeRqbO
534-5.7.14 biW9qYg7i7uenS2TFZtSJaTBUfqgIUnjWGOOcXT0E2i7qRNoFnOAnKlBhxfA5re3gR_Aju
534-5.7.14 leqGYDtVJGHx3mtwR4Jawv_hk3KF1KB-L1xZQb4z_2g3W6bIXb> Please log in via
534-5.7.14 your web browser and then try again.
534-5.7.14  Learn more at
534 5.7.14  https://support.google.com/mail/answer/78754 a16-v6sm12233837pgv.29 - gsmtp
] with root cause

javax.mail.AuthenticationFailedException: 534-5.7.14 <https://accounts.google.com/signin/continue?sarp=1&scc=1&plt=AKgnsbsq
534-5.7.14 WU8vHLq1LF595eNUntM7F_rvbqSBm5YMTj_GpiDHM9nTGWCxWl8hUSHSxx2c9j4JjWNZcU
534-5.7.14 Vp9smlQc4tfr7O9dBEBnVwfA-KLE2EtejY2bK3UvpxA1ko10MtFZrSIeFz-FdY0CSeRqbO
534-5.7.14 biW9qYg7i7uenS2TFZtSJaTBUfqgIUnjWGOOcXT0E2i7qRNoFnOAnKlBhxfA5re3gR_Aju
534-5.7.14 leqGYDtVJGHx3mtwR4Jawv_hk3KF1KB-L1xZQb4z_2g3W6bIXb> Please log in via
534-5.7.14 your web browser and then try again.
534-5.7.14  Learn more at
534 5.7.14  https://support.google.com/mail/answer/78754 a16-v6sm12233837pgv.29 - gsmtp

	at com.sun.mail.smtp.SMTPTransport$Authenticator.authenticate(SMTPTransport.java:965) ~[javax.mail-1.6.1.jar:1.6.1]
	at com.sun.mail.smtp.SMTPTransport.authenticate(SMTPTransport.java:876) ~[javax.mail-1.6.1.jar:1.6.1]
	at com.sun.mail.smtp.SMTPTransport.protocolConnect(SMTPTransport.java:780) ~[javax.mail-1.6.1.jar:1.6.1]
	at javax.mail.Service.connect(Service.java:366) ~[javax.mail-1.6.1.jar:1.6.1]
	at org.springframework.mail.javamail.JavaMailSenderImpl.connectTransport(JavaMailSenderImpl.java:515) ~[spring-context-support-5.0.7.RELEASE.jar:5.0.7.RELEASE]
	at org.springframework.mail.javamail.JavaMailSenderImpl.doSend(JavaMailSenderImpl.java:435) ~[spring-context-support-5.0.7.RELEASE.jar:5.0.7.RELEASE]
	at org.springframework.mail.javamail.JavaMailSenderImpl.send(JavaMailSenderImpl.java:359) ~[spring-context-support-5.0.7.RELEASE.jar:5.0.7.RELEASE]
	at org.springframework.mail.javamail.JavaMailSenderImpl.send(JavaMailSenderImpl.java:354) ~[spring-context-support-5.0.7.RELEASE.jar:5.0.7.RELEASE]
	at com.dac.onlineparking.module.login.LoginController.sendMail(LoginController.java:72) ~[classes/:na]
	at sun.reflect.NativeMethodAccessorImpl.invoke0(Native Method) ~[na:1.8.0_181]
	at sun.reflect.NativeMethodAccessorImpl.invoke(NativeMethodAccessorImpl.java:62) ~[na:1.8.0_181]
	at sun.reflect.DelegatingMethodAccessorImpl.invoke(DelegatingMethodAccessorImpl.java:43) ~[na:1.8.0_181]
	at java.lang.reflect.Method.invoke(Method.java:498) ~[na:1.8.0_181]
	at org.springframework.web.method.support.InvocableHandlerMethod.doInvoke(InvocableHandlerMethod.java:209) ~[spring-web-5.0.7.RELEASE.jar:5.0.7.RELEASE]
	at org.springframework.web.method.support.InvocableHandlerMethod.invokeForRequest(InvocableHandlerMethod.java:136) ~[spring-web-5.0.7.RELEASE.jar:5.0.7.RELEASE]
	at org.springframework.web.servlet.mvc.method.annotation.ServletInvocableHandlerMethod.invokeAndHandle(ServletInvocableHandlerMethod.java:102) ~[spring-webmvc-5.0.7.RELEASE.jar:5.0.7.RELEASE]
	at org.springframework.web.servlet.mvc.method.annotation.RequestMappingHandlerAdapter.invokeHandlerMethod(RequestMappingHandlerAdapter.java:877) ~[spring-webmvc-5.0.7.RELEASE.jar:5.0.7.RELEASE]
	at org.springframework.web.servlet.mvc.method.annotation.RequestMappingHandlerAdapter.handleInternal(RequestMappingHandlerAdapter.java:783) ~[spring-webmvc-5.0.7.RELEASE.jar:5.0.7.RELEASE]
	at org.springframework.web.servlet.mvc.method.AbstractHandlerMethodAdapter.handle(AbstractHandlerMethodAdapter.java:87) ~[spring-webmvc-5.0.7.RELEASE.jar:5.0.7.RELEASE]
	at org.springframework.web.servlet.DispatcherServlet.doDispatch(DispatcherServlet.java:991) ~[spring-webmvc-5.0.7.RELEASE.jar:5.0.7.RELEASE]
	at org.springframework.web.servlet.DispatcherServlet.doService(DispatcherServlet.java:925) ~[spring-webmvc-5.0.7.RELEASE.jar:5.0.7.RELEASE]
	at org.springframework.web.servlet.FrameworkServlet.processRequest(FrameworkServlet.java:974) ~[spring-webmvc-5.0.7.RELEASE.jar:5.0.7.RELEASE]
	at org.springframework.web.servlet.FrameworkServlet.doGet(FrameworkServlet.java:866) ~[spring-webmvc-5.0.7.RELEASE.jar:5.0.7.RELEASE]
	at javax.servlet.http.HttpServlet.service(HttpServlet.java:635) ~[tomcat-embed-core-8.5.31.jar:8.5.31]
	at org.springframework.web.servlet.FrameworkServlet.service(FrameworkServlet.java:851) ~[spring-webmvc-5.0.7.RELEASE.jar:5.0.7.RELEASE]
	at javax.servlet.http.HttpServlet.service(HttpServlet.java:742) ~[tomcat-embed-core-8.5.31.jar:8.5.31]
	at org.apache.catalina.core.ApplicationFilterChain.internalDoFilter(ApplicationFilterChain.java:231) ~[tomcat-embed-core-8.5.31.jar:8.5.31]
	at org.apache.catalina.core.ApplicationFilterChain.doFilter(ApplicationFilterChain.java:166) ~[tomcat-embed-core-8.5.31.jar:8.5.31]
	at org.apache.tomcat.websocket.server.WsFilter.doFilter(WsFilter.java:52) ~[tomcat-embed-websocket-8.5.31.jar:8.5.31]
	at org.apache.catalina.core.ApplicationFilterChain.internalDoFilter(ApplicationFilterChain.java:193) ~[tomcat-embed-core-8.5.31.jar:8.5.31]
	at org.apache.catalina.core.ApplicationFilterChain.doFilter(ApplicationFilterChain.java:166) ~[tomcat-embed-core-8.5.31.jar:8.5.31]
	at org.springframework.web.filter.CorsFilter.doFilterInternal(CorsFilter.java:96) ~[spring-web-5.0.7.RELEASE.jar:5.0.7.RELEASE]
	at org.springframework.web.filter.OncePerRequestFilter.doFilter(OncePerRequestFilter.java:107) ~[spring-web-5.0.7.RELEASE.jar:5.0.7.RELEASE]
	at org.apache.catalina.core.ApplicationFilterChain.internalDoFilter(ApplicationFilterChain.java:193) ~[tomcat-embed-core-8.5.31.jar:8.5.31]
	at org.apache.catalina.core.ApplicationFilterChain.doFilter(ApplicationFilterChain.java:166) ~[tomcat-embed-core-8.5.31.jar:8.5.31]
	at org.springframework.web.filter.RequestContextFilter.doFilterInternal(RequestContextFilter.java:99) ~[spring-web-5.0.7.RELEASE.jar:5.0.7.RELEASE]
	at org.springframework.web.filter.OncePerRequestFilter.doFilter(OncePerRequestFilter.java:107) ~[spring-web-5.0.7.RELEASE.jar:5.0.7.RELEASE]
	at org.apache.catalina.core.ApplicationFilterChain.internalDoFilter(ApplicationFilterChain.java:193) ~[tomcat-embed-core-8.5.31.jar:8.5.31]
	at org.apache.catalina.core.ApplicationFilterChain.doFilter(ApplicationFilterChain.java:166) ~[tomcat-embed-core-8.5.31.jar:8.5.31]
	at org.springframework.web.filter.HttpPutFormContentFilter.doFilterInternal(HttpPutFormContentFilter.java:109) ~[spring-web-5.0.7.RELEASE.jar:5.0.7.RELEASE]
	at org.springframework.web.filter.OncePerRequestFilter.doFilter(OncePerRequestFilter.java:107) ~[spring-web-5.0.7.RELEASE.jar:5.0.7.RELEASE]
	at org.apache.catalina.core.ApplicationFilterChain.internalDoFilter(ApplicationFilterChain.java:193) ~[tomcat-embed-core-8.5.31.jar:8.5.31]
	at org.apache.catalina.core.ApplicationFilterChain.doFilter(ApplicationFilterChain.java:166) ~[tomcat-embed-core-8.5.31.jar:8.5.31]
	at org.springframework.web.filter.HiddenHttpMethodFilter.doFilterInternal(HiddenHttpMethodFilter.java:93) ~[spring-web-5.0.7.RELEASE.jar:5.0.7.RELEASE]
	at org.springframework.web.filter.OncePerRequestFilter.doFilter(OncePerRequestFilter.java:107) ~[spring-web-5.0.7.RELEASE.jar:5.0.7.RELEASE]
	at org.apache.catalina.core.ApplicationFilterChain.internalDoFilter(ApplicationFilterChain.java:193) ~[tomcat-embed-core-8.5.31.jar:8.5.31]
	at org.apache.catalina.core.ApplicationFilterChain.doFilter(ApplicationFilterChain.java:166) ~[tomcat-embed-core-8.5.31.jar:8.5.31]
	at org.springframework.web.filter.CharacterEncodingFilter.doFilterInternal(CharacterEncodingFilter.java:200) ~[spring-web-5.0.7.RELEASE.jar:5.0.7.RELEASE]
	at org.springframework.web.filter.OncePerRequestFilter.doFilter(OncePerRequestFilter.java:107) ~[spring-web-5.0.7.RELEASE.jar:5.0.7.RELEASE]
	at org.apache.catalina.core.ApplicationFilterChain.internalDoFilter(ApplicationFilterChain.java:193) ~[tomcat-embed-core-8.5.31.jar:8.5.31]
	at org.apache.catalina.core.ApplicationFilterChain.doFilter(ApplicationFilterChain.java:166) ~[tomcat-embed-core-8.5.31.jar:8.5.31]
	at org.apache.catalina.core.StandardWrapperValve.invoke(StandardWrapperValve.java:198) ~[tomcat-embed-core-8.5.31.jar:8.5.31]
	at org.apache.catalina.core.StandardContextValve.invoke(StandardContextValve.java:96) [tomcat-embed-core-8.5.31.jar:8.5.31]
	at org.apache.catalina.authenticator.AuthenticatorBase.invoke(AuthenticatorBase.java:496) [tomcat-embed-core-8.5.31.jar:8.5.31]
	at org.apache.catalina.core.StandardHostValve.invoke(StandardHostValve.java:140) [tomcat-embed-core-8.5.31.jar:8.5.31]
	at org.apache.catalina.valves.ErrorReportValve.invoke(ErrorReportValve.java:81) [tomcat-embed-core-8.5.31.jar:8.5.31]
	at org.apache.catalina.core.StandardEngineValve.invoke(StandardEngineValve.java:87) [tomcat-embed-core-8.5.31.jar:8.5.31]
	at org.apache.catalina.valves.AbstractAccessLogValve.invoke(AbstractAccessLogValve.java:650) [tomcat-embed-core-8.5.31.jar:8.5.31]
	at org.apache.catalina.connector.CoyoteAdapter.service(CoyoteAdapter.java:342) [tomcat-embed-core-8.5.31.jar:8.5.31]
	at org.apache.coyote.http11.Http11Processor.service(Http11Processor.java:803) [tomcat-embed-core-8.5.31.jar:8.5.31]
	at org.apache.coyote.AbstractProcessorLight.process(AbstractProcessorLight.java:66) [tomcat-embed-core-8.5.31.jar:8.5.31]
	at org.apache.coyote.AbstractProtocol$ConnectionHandler.process(AbstractProtocol.java:790) [tomcat-embed-core-8.5.31.jar:8.5.31]
	at org.apache.tomcat.util.net.NioEndpoint$SocketProcessor.doRun(NioEndpoint.java:1468) [tomcat-embed-core-8.5.31.jar:8.5.31]
	at org.apache.tomcat.util.net.SocketProcessorBase.run(SocketProcessorBase.java:49) [tomcat-embed-core-8.5.31.jar:8.5.31]
	at java.util.concurrent.ThreadPoolExecutor.runWorker(ThreadPoolExecutor.java:1149) [na:1.8.0_181]
	at java.util.concurrent.ThreadPoolExecutor$Worker.run(ThreadPoolExecutor.java:624) [na:1.8.0_181]
	at org.apache.tomcat.util.threads.TaskThread$WrappingRunnable.run(TaskThread.java:61) [tomcat-embed-core-8.5.31.jar:8.5.31]
	at java.lang.Thread.run(Thread.java:748) [na:1.8.0_181]

2018-08-26 13:58:59.371  INFO 18616 --- [main] c.d.o.OnlineparkingApplication           : Starting OnlineparkingApplication on anil-Lenovo-G50-80 with PID 18616 (/home/anil/dac-proj/onlineparking/target/classes started by anil in /home/anil/dac-proj/onlineparking)
2018-08-26 13:58:59.443  INFO 18616 --- [main] c.d.o.OnlineparkingApplication           : No active profile set, falling back to default profiles: default
2018-08-26 13:59:00.366  INFO 18616 --- [main] ConfigServletWebServerApplicationContext : Refreshing org.springframework.boot.web.servlet.context.AnnotationConfigServletWebServerApplicationContext@48fa0f47: startup date [Sun Aug 26 13:59:00 IST 2018]; root of context hierarchy
2018-08-26 13:59:06.308  INFO 18616 --- [main] o.s.b.f.s.DefaultListableBeanFactory     : Overriding bean definition for bean 'dataSource' with a different definition: replacing [Root bean: class [null]; scope=; abstract=false; lazyInit=false; autowireMode=3; dependencyCheck=0; autowireCandidate=true; primary=false; factoryBeanName=org.springframework.boot.autoconfigure.jdbc.DataSourceConfiguration$Generic; factoryMethodName=dataSource; initMethodName=null; destroyMethodName=(inferred); defined in class path resource [org/springframework/boot/autoconfigure/jdbc/DataSourceConfiguration$Generic.class]] with [Root bean: class [null]; scope=; abstract=false; lazyInit=false; autowireMode=3; dependencyCheck=0; autowireCandidate=true; primary=false; factoryBeanName=org.springframework.boot.autoconfigure.jdbc.DataSourceConfiguration$Hikari; factoryMethodName=dataSource; initMethodName=null; destroyMethodName=(inferred); defined in class path resource [org/springframework/boot/autoconfigure/jdbc/DataSourceConfiguration$Hikari.class]]
2018-08-26 13:59:08.066  INFO 18616 --- [main] o.s.b.w.embedded.tomcat.TomcatWebServer  : Tomcat initialized with port(s): 2020 (http)
2018-08-26 13:59:08.134  INFO 18616 --- [main] o.apache.catalina.core.StandardService   : Starting service [Tomcat]
2018-08-26 13:59:08.135  INFO 18616 --- [main] org.apache.catalina.core.StandardEngine  : Starting Servlet Engine: Apache Tomcat/8.5.31
2018-08-26 13:59:08.147  INFO 18616 --- [localhost-startStop-1] o.a.catalina.core.AprLifecycleListener   : The APR based Apache Tomcat Native library which allows optimal performance in production environments was not found on the java.library.path: [/usr/java/packages/lib/amd64:/usr/lib64:/lib64:/lib:/usr/lib]
2018-08-26 13:59:08.457  INFO 18616 --- [localhost-startStop-1] o.a.c.c.C.[.[.[/onlineparking]           : Initializing Spring embedded WebApplicationContext
2018-08-26 13:59:08.457  INFO 18616 --- [localhost-startStop-1] o.s.web.context.ContextLoader            : Root WebApplicationContext: initialization completed in 8091 ms
2018-08-26 13:59:08.713  INFO 18616 --- [localhost-startStop-1] o.s.b.w.servlet.FilterRegistrationBean   : Mapping filter: 'characterEncodingFilter' to: [/*]
2018-08-26 13:59:08.714  INFO 18616 --- [localhost-startStop-1] o.s.b.w.servlet.FilterRegistrationBean   : Mapping filter: 'hiddenHttpMethodFilter' to: [/*]
2018-08-26 13:59:08.714  INFO 18616 --- [localhost-startStop-1] o.s.b.w.servlet.FilterRegistrationBean   : Mapping filter: 'httpPutFormContentFilter' to: [/*]
2018-08-26 13:59:08.714  INFO 18616 --- [localhost-startStop-1] o.s.b.w.servlet.FilterRegistrationBean   : Mapping filter: 'requestContextFilter' to: [/*]
2018-08-26 13:59:08.715  INFO 18616 --- [localhost-startStop-1] o.s.b.w.servlet.FilterRegistrationBean   : Mapping filter: 'corsFilter' to: [/*]
2018-08-26 13:59:08.715  INFO 18616 --- [localhost-startStop-1] o.s.b.w.servlet.ServletRegistrationBean  : Servlet dispatcherServlet mapped to [/]
2018-08-26 13:59:10.439  INFO 18616 --- [main] o.s.w.s.handler.SimpleUrlHandlerMapping  : Mapped URL path [/**/favicon.ico] onto handler of type [class org.springframework.web.servlet.resource.ResourceHttpRequestHandler]
2018-08-26 13:59:10.976  INFO 18616 --- [main] s.w.s.m.m.a.RequestMappingHandlerAdapter : Looking for @ControllerAdvice: org.springframework.boot.web.servlet.context.AnnotationConfigServletWebServerApplicationContext@48fa0f47: startup date [Sun Aug 26 13:59:00 IST 2018]; root of context hierarchy
2018-08-26 13:59:11.052  INFO 18616 --- [main] s.w.s.m.m.a.RequestMappingHandlerMapping : Mapped "{[/mvc/city],methods=[GET]}" onto public java.util.List<com.dac.onlineparking.module.admin.CityVO> com.dac.onlineparking.module.admin.AdminController.selectCity(javax.servlet.http.HttpServletRequest)
2018-08-26 13:59:11.053  INFO 18616 --- [main] s.w.s.m.m.a.RequestMappingHandlerMapping : Mapped "{[/mvc/registration],methods=[POST]}" onto public boolean com.dac.onlineparking.module.admin.AdminController.register(javax.servlet.http.HttpServletRequest,com.dac.onlineparking.module.admin.RegisterVO)
2018-08-26 13:59:11.055  INFO 18616 --- [main] s.w.s.m.m.a.RequestMappingHandlerMapping : Mapped "{[/mvc/logout],methods=[GET]}" onto public boolean com.dac.onlineparking.module.login.LoginController.logout(javax.servlet.http.HttpServletRequest,javax.servlet.http.HttpServletResponse)
2018-08-26 13:59:11.056  INFO 18616 --- [main] s.w.s.m.m.a.RequestMappingHandlerMapping : Mapped "{[/sendMail]}" onto public java.lang.String com.dac.onlineparking.module.login.LoginController.sendMail(java.lang.String)
2018-08-26 13:59:11.057  INFO 18616 --- [main] s.w.s.m.m.a.RequestMappingHandlerMapping : Mapped "{[/validateOtp]}" onto public java.lang.Boolean com.dac.onlineparking.module.login.LoginController.validateOtp(java.lang.Integer)
2018-08-26 13:59:11.058  INFO 18616 --- [main] s.w.s.m.m.a.RequestMappingHandlerMapping : Mapped "{[/mvc/login],methods=[GET]}" onto public com.dac.onlineparking.module.login.LoginVO com.dac.onlineparking.module.login.LoginController.login(javax.servlet.http.HttpServletRequest,javax.servlet.http.HttpServletResponse) throws java.lang.Exception
2018-08-26 13:59:11.059  INFO 18616 --- [main] s.w.s.m.m.a.RequestMappingHandlerMapping : Mapped "{[/mvc/ownerWallet],methods=[GET]}" onto public com.dac.onlineparking.module.owner.OwnerWalletVO com.dac.onlineparking.module.owner.OwnerController.ownerAddress(int)
2018-08-26 13:59:11.060  INFO 18616 --- [main] s.w.s.m.m.a.RequestMappingHandlerMapping : Mapped "{[/mvc/ownerAddr],methods=[GET]}" onto public com.dac.onlineparking.module.owner.OwnerAddressInfoVO com.dac.onlineparking.module.owner.OwnerController.ownerWallet(int)
2018-08-26 13:59:11.063  INFO 18616 --- [main] s.w.s.m.m.a.RequestMappingHandlerMapping : Mapped "{[/mvc/cityArea],methods=[GET]}" onto public java.util.List<com.dac.onlineparking.module.user.CityAreaVO> com.dac.onlineparking.module.user.UserController.selectCityArea(javax.servlet.http.HttpServletRequest,int)
2018-08-26 13:59:11.063  INFO 18616 --- [main] s.w.s.m.m.a.RequestMappingHandlerMapping : Mapped "{[/mvc/areaSlot],methods=[GET]}" onto public java.util.List<com.dac.onlineparking.module.user.UserBookSlotVO> com.dac.onlineparking.module.user.UserController.getAreaSlot(javax.servlet.http.HttpServletRequest,int)
2018-08-26 13:59:11.064  INFO 18616 --- [main] s.w.s.m.m.a.RequestMappingHandlerMapping : Mapped "{[/mvc/slotBookingUsingWallet],methods=[POST]}" onto public boolean com.dac.onlineparking.module.user.UserController.slotBookUsingWolet(javax.servlet.http.HttpServletRequest,com.dac.onlineparking.module.user.WolletBookVO) throws java.sql.SQLException
2018-08-26 13:59:11.064  INFO 18616 --- [main] s.w.s.m.m.a.RequestMappingHandlerMapping : Mapped "{[/mvc/walletMoney],methods=[GET]}" onto public com.dac.onlineparking.module.user.WalletMoneyVO com.dac.onlineparking.module.user.UserController.walletMoney(javax.servlet.http.HttpServletRequest,int) throws java.sql.SQLException
2018-08-26 13:59:11.070  INFO 18616 --- [main] s.w.s.m.m.a.RequestMappingHandlerMapping : Mapped "{[/error],produces=[text/html]}" onto public org.springframework.web.servlet.ModelAndView org.springframework.boot.autoconfigure.web.servlet.error.BasicErrorController.errorHtml(javax.servlet.http.HttpServletRequest,javax.servlet.http.HttpServletResponse)
2018-08-26 13:59:11.070  INFO 18616 --- [main] s.w.s.m.m.a.RequestMappingHandlerMapping : Mapped "{[/error]}" onto public org.springframework.http.ResponseEntity<java.util.Map<java.lang.String, java.lang.Object>> org.springframework.boot.autoconfigure.web.servlet.error.BasicErrorController.error(javax.servlet.http.HttpServletRequest)
2018-08-26 13:59:11.115  INFO 18616 --- [main] o.s.w.s.handler.SimpleUrlHandlerMapping  : Mapped URL path [/webjars/**] onto handler of type [class org.springframework.web.servlet.resource.ResourceHttpRequestHandler]
2018-08-26 13:59:11.115  INFO 18616 --- [main] o.s.w.s.handler.SimpleUrlHandlerMapping  : Mapped URL path [/**] onto handler of type [class org.springframework.web.servlet.resource.ResourceHttpRequestHandler]
2018-08-26 13:59:11.162  INFO 18616 --- [main] o.s.b.a.w.s.WelcomePageHandlerMapping    : Adding welcome page: ServletContext resource [/index.html]
2018-08-26 13:59:11.746  INFO 18616 --- [main] o.s.j.e.a.AnnotationMBeanExporter        : Registering beans for JMX exposure on startup
2018-08-26 13:59:11.748  INFO 18616 --- [main] o.s.j.e.a.AnnotationMBeanExporter        : Bean with name 'dataSource' has been autodetected for JMX exposure
2018-08-26 13:59:11.763  INFO 18616 --- [main] o.s.j.e.a.AnnotationMBeanExporter        : Located MBean 'dataSource': registering with JMX server as MBean [com.zaxxer.hikari:name=dataSource,type=HikariDataSource]
2018-08-26 13:59:11.907 ERROR 18616 --- [main] o.apache.catalina.core.StandardService   : Failed to start connector [Connector[HTTP/1.1-2020]]

org.apache.catalina.LifecycleException: Failed to start component [Connector[HTTP/1.1-2020]]
	at org.apache.catalina.util.LifecycleBase.start(LifecycleBase.java:167) ~[tomcat-embed-core-8.5.31.jar:8.5.31]
	at org.apache.catalina.core.StandardService.addConnector(StandardService.java:225) ~[tomcat-embed-core-8.5.31.jar:8.5.31]
	at org.springframework.boot.web.embedded.tomcat.TomcatWebServer.addPreviouslyRemovedConnectors(TomcatWebServer.java:256) [spring-boot-2.0.3.RELEASE.jar:2.0.3.RELEASE]
	at org.springframework.boot.web.embedded.tomcat.TomcatWebServer.start(TomcatWebServer.java:198) [spring-boot-2.0.3.RELEASE.jar:2.0.3.RELEASE]
	at org.springframework.boot.web.servlet.context.ServletWebServerApplicationContext.startWebServer(ServletWebServerApplicationContext.java:300) [spring-boot-2.0.3.RELEASE.jar:2.0.3.RELEASE]
	at org.springframework.boot.web.servlet.context.ServletWebServerApplicationContext.finishRefresh(ServletWebServerApplicationContext.java:162) [spring-boot-2.0.3.RELEASE.jar:2.0.3.RELEASE]
	at org.springframework.context.support.AbstractApplicationContext.refresh(AbstractApplicationContext.java:553) [spring-context-5.0.7.RELEASE.jar:5.0.7.RELEASE]
	at org.springframework.boot.web.servlet.context.ServletWebServerApplicationContext.refresh(ServletWebServerApplicationContext.java:140) [spring-boot-2.0.3.RELEASE.jar:2.0.3.RELEASE]
	at org.springframework.boot.SpringApplication.refresh(SpringApplication.java:759) [spring-boot-2.0.3.RELEASE.jar:2.0.3.RELEASE]
	at org.springframework.boot.SpringApplication.refreshContext(SpringApplication.java:395) [spring-boot-2.0.3.RELEASE.jar:2.0.3.RELEASE]
	at org.springframework.boot.SpringApplication.run(SpringApplication.java:327) [spring-boot-2.0.3.RELEASE.jar:2.0.3.RELEASE]
	at org.springframework.boot.SpringApplication.run(SpringApplication.java:1255) [spring-boot-2.0.3.RELEASE.jar:2.0.3.RELEASE]
	at org.springframework.boot.SpringApplication.run(SpringApplication.java:1243) [spring-boot-2.0.3.RELEASE.jar:2.0.3.RELEASE]
	at com.dac.onlineparking.OnlineparkingApplication.main(OnlineparkingApplication.java:10) [classes/:na]
Caused by: org.apache.catalina.LifecycleException: Protocol handler start failed
	at org.apache.catalina.connector.Connector.startInternal(Connector.java:1020) ~[tomcat-embed-core-8.5.31.jar:8.5.31]
	at org.apache.catalina.util.LifecycleBase.start(LifecycleBase.java:150) ~[tomcat-embed-core-8.5.31.jar:8.5.31]
	... 13 common frames omitted
Caused by: java.net.BindException: Address already in use
	at sun.nio.ch.Net.bind0(Native Method) ~[na:1.8.0_181]
	at sun.nio.ch.Net.bind(Net.java:433) ~[na:1.8.0_181]
	at sun.nio.ch.Net.bind(Net.java:425) ~[na:1.8.0_181]
	at sun.nio.ch.ServerSocketChannelImpl.bind(ServerSocketChannelImpl.java:223) ~[na:1.8.0_181]
	at sun.nio.ch.ServerSocketAdaptor.bind(ServerSocketAdaptor.java:74) ~[na:1.8.0_181]
	at org.apache.tomcat.util.net.NioEndpoint.bind(NioEndpoint.java:210) ~[tomcat-embed-core-8.5.31.jar:8.5.31]
	at org.apache.tomcat.util.net.AbstractEndpoint.start(AbstractEndpoint.java:1150) ~[tomcat-embed-core-8.5.31.jar:8.5.31]
	at org.apache.coyote.AbstractProtocol.start(AbstractProtocol.java:591) ~[tomcat-embed-core-8.5.31.jar:8.5.31]
	at org.apache.catalina.connector.Connector.startInternal(Connector.java:1018) ~[tomcat-embed-core-8.5.31.jar:8.5.31]
	... 14 common frames omitted

2018-08-26 13:59:11.913  INFO 18616 --- [main] o.apache.catalina.core.StandardService   : Stopping service [Tomcat]
2018-08-26 13:59:11.950  INFO 18616 --- [main] ConditionEvaluationReportLoggingListener : 

Error starting ApplicationContext. To display the conditions report re-run your application with 'debug' enabled.
2018-08-26 13:59:11.954 ERROR 18616 --- [main] o.s.b.d.LoggingFailureAnalysisReporter   : 

***************************
APPLICATION FAILED TO START
***************************

Description:

The Tomcat connector configured to listen on port 2020 failed to start. The port may already be in use or the connector may be misconfigured.

Action:

Verify the connector's configuration, identify and stop any process that's listening on port 2020, or configure this application to listen on another port.

2018-08-26 13:59:11.955  INFO 18616 --- [main] ConfigServletWebServerApplicationContext : Closing org.springframework.boot.web.servlet.context.AnnotationConfigServletWebServerApplicationContext@48fa0f47: startup date [Sun Aug 26 13:59:00 IST 2018]; root of context hierarchy
2018-08-26 13:59:11.958  INFO 18616 --- [main] o.s.j.e.a.AnnotationMBeanExporter        : Unregistering JMX-exposed beans on shutdown
2018-08-26 13:59:11.958  INFO 18616 --- [main] o.s.j.e.a.AnnotationMBeanExporter        : Unregistering JMX-exposed beans
2018-08-26 14:01:03.282  INFO 4957 --- [RMI TCP Connection(3)-127.0.0.1] inMXBeanRegistrar$SpringApplicationAdmin : Application shutdown requested.
2018-08-26 14:01:03.282  INFO 4957 --- [RMI TCP Connection(5)-127.0.0.1] inMXBeanRegistrar$SpringApplicationAdmin : Application shutdown requested.
2018-08-26 14:01:03.623  INFO 4957 --- [RMI TCP Connection(3)-127.0.0.1] ConfigServletWebServerApplicationContext : Closing org.springframework.boot.web.servlet.context.AnnotationConfigServletWebServerApplicationContext@7f010382: startup date [Sun Aug 26 11:28:02 IST 2018]; root of context hierarchy
2018-08-26 14:01:06.928  INFO 4957 --- [RMI TCP Connection(3)-127.0.0.1] o.s.j.e.a.AnnotationMBeanExporter        : Unregistering JMX-exposed beans on shutdown
2018-08-26 14:01:07.038  INFO 4957 --- [RMI TCP Connection(3)-127.0.0.1] o.s.j.e.a.AnnotationMBeanExporter        : Unregistering JMX-exposed beans
2018-08-26 14:01:40.660  INFO 18868 --- [main] c.d.o.OnlineparkingApplication           : Starting OnlineparkingApplication on anil-Lenovo-G50-80 with PID 18868 (/home/anil/dac-proj/onlineparking/target/classes started by anil in /home/anil/dac-proj/onlineparking)
2018-08-26 14:01:40.678  INFO 18868 --- [main] c.d.o.OnlineparkingApplication           : No active profile set, falling back to default profiles: default
2018-08-26 14:01:40.917  INFO 18868 --- [main] ConfigServletWebServerApplicationContext : Refreshing org.springframework.boot.web.servlet.context.AnnotationConfigServletWebServerApplicationContext@71b1176b: startup date [Sun Aug 26 14:01:40 IST 2018]; root of context hierarchy
2018-08-26 14:01:47.533  INFO 18868 --- [main] o.s.b.f.s.DefaultListableBeanFactory     : Overriding bean definition for bean 'dataSource' with a different definition: replacing [Root bean: class [null]; scope=; abstract=false; lazyInit=false; autowireMode=3; dependencyCheck=0; autowireCandidate=true; primary=false; factoryBeanName=org.springframework.boot.autoconfigure.jdbc.DataSourceConfiguration$Generic; factoryMethodName=dataSource; initMethodName=null; destroyMethodName=(inferred); defined in class path resource [org/springframework/boot/autoconfigure/jdbc/DataSourceConfiguration$Generic.class]] with [Root bean: class [null]; scope=; abstract=false; lazyInit=false; autowireMode=3; dependencyCheck=0; autowireCandidate=true; primary=false; factoryBeanName=org.springframework.boot.autoconfigure.jdbc.DataSourceConfiguration$Hikari; factoryMethodName=dataSource; initMethodName=null; destroyMethodName=(inferred); defined in class path resource [org/springframework/boot/autoconfigure/jdbc/DataSourceConfiguration$Hikari.class]]
2018-08-26 14:01:49.561  INFO 18868 --- [main] o.s.b.w.embedded.tomcat.TomcatWebServer  : Tomcat initialized with port(s): 2020 (http)
2018-08-26 14:01:49.629  INFO 18868 --- [main] o.apache.catalina.core.StandardService   : Starting service [Tomcat]
2018-08-26 14:01:49.629  INFO 18868 --- [main] org.apache.catalina.core.StandardEngine  : Starting Servlet Engine: Apache Tomcat/8.5.31
2018-08-26 14:01:49.648  INFO 18868 --- [localhost-startStop-1] o.a.catalina.core.AprLifecycleListener   : The APR based Apache Tomcat Native library which allows optimal performance in production environments was not found on the java.library.path: [/usr/java/packages/lib/amd64:/usr/lib64:/lib64:/lib:/usr/lib]
2018-08-26 14:01:49.889  INFO 18868 --- [localhost-startStop-1] o.a.c.c.C.[.[.[/onlineparking]           : Initializing Spring embedded WebApplicationContext
2018-08-26 14:01:49.890  INFO 18868 --- [localhost-startStop-1] o.s.web.context.ContextLoader            : Root WebApplicationContext: initialization completed in 8974 ms
2018-08-26 14:01:50.219  INFO 18868 --- [localhost-startStop-1] o.s.b.w.servlet.FilterRegistrationBean   : Mapping filter: 'characterEncodingFilter' to: [/*]
2018-08-26 14:01:50.219  INFO 18868 --- [localhost-startStop-1] o.s.b.w.servlet.FilterRegistrationBean   : Mapping filter: 'hiddenHttpMethodFilter' to: [/*]
2018-08-26 14:01:50.220  INFO 18868 --- [localhost-startStop-1] o.s.b.w.servlet.FilterRegistrationBean   : Mapping filter: 'httpPutFormContentFilter' to: [/*]
2018-08-26 14:01:50.220  INFO 18868 --- [localhost-startStop-1] o.s.b.w.servlet.FilterRegistrationBean   : Mapping filter: 'requestContextFilter' to: [/*]
2018-08-26 14:01:50.242  INFO 18868 --- [localhost-startStop-1] o.s.b.w.servlet.FilterRegistrationBean   : Mapping filter: 'corsFilter' to: [/*]
2018-08-26 14:01:50.243  INFO 18868 --- [localhost-startStop-1] o.s.b.w.servlet.ServletRegistrationBean  : Servlet dispatcherServlet mapped to [/]
2018-08-26 14:01:50.943  INFO 18868 --- [main] o.s.w.s.handler.SimpleUrlHandlerMapping  : Mapped URL path [/**/favicon.ico] onto handler of type [class org.springframework.web.servlet.resource.ResourceHttpRequestHandler]
2018-08-26 14:01:51.291  INFO 18868 --- [main] s.w.s.m.m.a.RequestMappingHandlerAdapter : Looking for @ControllerAdvice: org.springframework.boot.web.servlet.context.AnnotationConfigServletWebServerApplicationContext@71b1176b: startup date [Sun Aug 26 14:01:40 IST 2018]; root of context hierarchy
2018-08-26 14:01:51.347  INFO 18868 --- [main] s.w.s.m.m.a.RequestMappingHandlerMapping : Mapped "{[/mvc/city],methods=[GET]}" onto public java.util.List<com.dac.onlineparking.module.admin.CityVO> com.dac.onlineparking.module.admin.AdminController.selectCity(javax.servlet.http.HttpServletRequest)
2018-08-26 14:01:51.348  INFO 18868 --- [main] s.w.s.m.m.a.RequestMappingHandlerMapping : Mapped "{[/mvc/registration],methods=[POST]}" onto public boolean com.dac.onlineparking.module.admin.AdminController.register(javax.servlet.http.HttpServletRequest,com.dac.onlineparking.module.admin.RegisterVO)
2018-08-26 14:01:51.350  INFO 18868 --- [main] s.w.s.m.m.a.RequestMappingHandlerMapping : Mapped "{[/mvc/login],methods=[GET]}" onto public com.dac.onlineparking.module.login.LoginVO com.dac.onlineparking.module.login.LoginController.login(javax.servlet.http.HttpServletRequest,javax.servlet.http.HttpServletResponse) throws java.lang.Exception
2018-08-26 14:01:51.350  INFO 18868 --- [main] s.w.s.m.m.a.RequestMappingHandlerMapping : Mapped "{[/mvc/logout],methods=[GET]}" onto public boolean com.dac.onlineparking.module.login.LoginController.logout(javax.servlet.http.HttpServletRequest,javax.servlet.http.HttpServletResponse)
2018-08-26 14:01:51.351  INFO 18868 --- [main] s.w.s.m.m.a.RequestMappingHandlerMapping : Mapped "{[/sendMail]}" onto public java.lang.String com.dac.onlineparking.module.login.LoginController.sendMail(java.lang.String)
2018-08-26 14:01:51.352  INFO 18868 --- [main] s.w.s.m.m.a.RequestMappingHandlerMapping : Mapped "{[/validateOtp]}" onto public java.lang.Boolean com.dac.onlineparking.module.login.LoginController.validateOtp(java.lang.Integer)
2018-08-26 14:01:51.354  INFO 18868 --- [main] s.w.s.m.m.a.RequestMappingHandlerMapping : Mapped "{[/mvc/ownerWallet],methods=[GET]}" onto public com.dac.onlineparking.module.owner.OwnerWalletVO com.dac.onlineparking.module.owner.OwnerController.ownerAddress(int)
2018-08-26 14:01:51.355  INFO 18868 --- [main] s.w.s.m.m.a.RequestMappingHandlerMapping : Mapped "{[/mvc/ownerAddr],methods=[GET]}" onto public com.dac.onlineparking.module.owner.OwnerAddressInfoVO com.dac.onlineparking.module.owner.OwnerController.ownerWallet(int)
2018-08-26 14:01:51.356  INFO 18868 --- [main] s.w.s.m.m.a.RequestMappingHandlerMapping : Mapped "{[/mvc/areaSlot],methods=[GET]}" onto public java.util.List<com.dac.onlineparking.module.user.UserBookSlotVO> com.dac.onlineparking.module.user.UserController.getAreaSlot(javax.servlet.http.HttpServletRequest,int)
2018-08-26 14:01:51.357  INFO 18868 --- [main] s.w.s.m.m.a.RequestMappingHandlerMapping : Mapped "{[/mvc/slotBookingUsingWallet],methods=[POST]}" onto public boolean com.dac.onlineparking.module.user.UserController.slotBookUsingWolet(javax.servlet.http.HttpServletRequest,com.dac.onlineparking.module.user.WolletBookVO) throws java.sql.SQLException
2018-08-26 14:01:51.357  INFO 18868 --- [main] s.w.s.m.m.a.RequestMappingHandlerMapping : Mapped "{[/mvc/walletMoney],methods=[GET]}" onto public com.dac.onlineparking.module.user.WalletMoneyVO com.dac.onlineparking.module.user.UserController.walletMoney(javax.servlet.http.HttpServletRequest,int) throws java.sql.SQLException
2018-08-26 14:01:51.358  INFO 18868 --- [main] s.w.s.m.m.a.RequestMappingHandlerMapping : Mapped "{[/mvc/cityArea],methods=[GET]}" onto public java.util.List<com.dac.onlineparking.module.user.CityAreaVO> com.dac.onlineparking.module.user.UserController.selectCityArea(javax.servlet.http.HttpServletRequest,int)
2018-08-26 14:01:51.363  INFO 18868 --- [main] s.w.s.m.m.a.RequestMappingHandlerMapping : Mapped "{[/error],produces=[text/html]}" onto public org.springframework.web.servlet.ModelAndView org.springframework.boot.autoconfigure.web.servlet.error.BasicErrorController.errorHtml(javax.servlet.http.HttpServletRequest,javax.servlet.http.HttpServletResponse)
2018-08-26 14:01:51.364  INFO 18868 --- [main] s.w.s.m.m.a.RequestMappingHandlerMapping : Mapped "{[/error]}" onto public org.springframework.http.ResponseEntity<java.util.Map<java.lang.String, java.lang.Object>> org.springframework.boot.autoconfigure.web.servlet.error.BasicErrorController.error(javax.servlet.http.HttpServletRequest)
2018-08-26 14:01:51.397  INFO 18868 --- [main] o.s.w.s.handler.SimpleUrlHandlerMapping  : Mapped URL path [/webjars/**] onto handler of type [class org.springframework.web.servlet.resource.ResourceHttpRequestHandler]
2018-08-26 14:01:51.398  INFO 18868 --- [main] o.s.w.s.handler.SimpleUrlHandlerMapping  : Mapped URL path [/**] onto handler of type [class org.springframework.web.servlet.resource.ResourceHttpRequestHandler]
2018-08-26 14:01:51.456  INFO 18868 --- [main] o.s.b.a.w.s.WelcomePageHandlerMapping    : Adding welcome page: ServletContext resource [/index.html]
2018-08-26 14:01:51.790  INFO 18868 --- [main] o.s.j.e.a.AnnotationMBeanExporter        : Registering beans for JMX exposure on startup
2018-08-26 14:01:51.792  INFO 18868 --- [main] o.s.j.e.a.AnnotationMBeanExporter        : Bean with name 'dataSource' has been autodetected for JMX exposure
2018-08-26 14:01:51.799  INFO 18868 --- [main] o.s.j.e.a.AnnotationMBeanExporter        : Located MBean 'dataSource': registering with JMX server as MBean [com.zaxxer.hikari:name=dataSource,type=HikariDataSource]
2018-08-26 14:01:52.073  INFO 18868 --- [main] o.s.b.w.embedded.tomcat.TomcatWebServer  : Tomcat started on port(s): 2020 (http) with context path '/onlineparking'
2018-08-26 14:01:52.143  INFO 18868 --- [main] c.d.o.OnlineparkingApplication           : Started OnlineparkingApplication in 13.803 seconds (JVM running for 16.508)
2018-08-26 14:02:10.465  INFO 18868 --- [http-nio-2020-exec-1] o.a.c.c.C.[.[.[/onlineparking]           : Initializing Spring FrameworkServlet 'dispatcherServlet'
2018-08-26 14:02:10.466  INFO 18868 --- [http-nio-2020-exec-1] o.s.web.servlet.DispatcherServlet        : FrameworkServlet 'dispatcherServlet': initialization started
2018-08-26 14:02:10.658  INFO 18868 --- [http-nio-2020-exec-1] o.s.web.servlet.DispatcherServlet        : FrameworkServlet 'dispatcherServlet': initialization completed in 190 ms
2018-08-26 14:05:07.479  INFO 18868 --- [RMI TCP Connection(2)-127.0.0.1] inMXBeanRegistrar$SpringApplicationAdmin : Application shutdown requested.
2018-08-26 14:05:07.530  INFO 18868 --- [RMI TCP Connection(2)-127.0.0.1] ConfigServletWebServerApplicationContext : Closing org.springframework.boot.web.servlet.context.AnnotationConfigServletWebServerApplicationContext@71b1176b: startup date [Sun Aug 26 14:01:40 IST 2018]; root of context hierarchy
2018-08-26 14:05:07.534  INFO 18868 --- [RMI TCP Connection(2)-127.0.0.1] o.s.j.e.a.AnnotationMBeanExporter        : Unregistering JMX-exposed beans on shutdown
2018-08-26 14:05:07.535  INFO 18868 --- [RMI TCP Connection(2)-127.0.0.1] o.s.j.e.a.AnnotationMBeanExporter        : Unregistering JMX-exposed beans
2018-08-26 14:05:20.614  INFO 19231 --- [main] c.d.o.OnlineparkingApplication           : Starting OnlineparkingApplication on anil-Lenovo-G50-80 with PID 19231 (/home/anil/dac-proj/onlineparking/target/classes started by anil in /home/anil/dac-proj/onlineparking)
2018-08-26 14:05:20.639  INFO 19231 --- [main] c.d.o.OnlineparkingApplication           : No active profile set, falling back to default profiles: default
2018-08-26 14:05:20.812  INFO 19231 --- [main] ConfigServletWebServerApplicationContext : Refreshing org.springframework.boot.web.servlet.context.AnnotationConfigServletWebServerApplicationContext@96def03: startup date [Sun Aug 26 14:05:20 IST 2018]; root of context hierarchy
2018-08-26 14:05:22.391  INFO 19231 --- [main] o.s.b.f.s.DefaultListableBeanFactory     : Overriding bean definition for bean 'dataSource' with a different definition: replacing [Root bean: class [null]; scope=; abstract=false; lazyInit=false; autowireMode=3; dependencyCheck=0; autowireCandidate=true; primary=false; factoryBeanName=org.springframework.boot.autoconfigure.jdbc.DataSourceConfiguration$Generic; factoryMethodName=dataSource; initMethodName=null; destroyMethodName=(inferred); defined in class path resource [org/springframework/boot/autoconfigure/jdbc/DataSourceConfiguration$Generic.class]] with [Root bean: class [null]; scope=; abstract=false; lazyInit=false; autowireMode=3; dependencyCheck=0; autowireCandidate=true; primary=false; factoryBeanName=org.springframework.boot.autoconfigure.jdbc.DataSourceConfiguration$Hikari; factoryMethodName=dataSource; initMethodName=null; destroyMethodName=(inferred); defined in class path resource [org/springframework/boot/autoconfigure/jdbc/DataSourceConfiguration$Hikari.class]]
2018-08-26 14:05:23.527  INFO 19231 --- [main] o.s.b.w.embedded.tomcat.TomcatWebServer  : Tomcat initialized with port(s): 2020 (http)
2018-08-26 14:05:23.575  INFO 19231 --- [main] o.apache.catalina.core.StandardService   : Starting service [Tomcat]
2018-08-26 14:05:23.575  INFO 19231 --- [main] org.apache.catalina.core.StandardEngine  : Starting Servlet Engine: Apache Tomcat/8.5.31
2018-08-26 14:05:23.581  INFO 19231 --- [localhost-startStop-1] o.a.catalina.core.AprLifecycleListener   : The APR based Apache Tomcat Native library which allows optimal performance in production environments was not found on the java.library.path: [/usr/java/packages/lib/amd64:/usr/lib64:/lib64:/lib:/usr/lib]
2018-08-26 14:05:23.738  INFO 19231 --- [localhost-startStop-1] o.a.c.c.C.[.[.[/onlineparking]           : Initializing Spring embedded WebApplicationContext
2018-08-26 14:05:23.738  INFO 19231 --- [localhost-startStop-1] o.s.web.context.ContextLoader            : Root WebApplicationContext: initialization completed in 2926 ms
2018-08-26 14:05:23.949  INFO 19231 --- [localhost-startStop-1] o.s.b.w.servlet.FilterRegistrationBean   : Mapping filter: 'characterEncodingFilter' to: [/*]
2018-08-26 14:05:23.950  INFO 19231 --- [localhost-startStop-1] o.s.b.w.servlet.FilterRegistrationBean   : Mapping filter: 'hiddenHttpMethodFilter' to: [/*]
2018-08-26 14:05:23.950  INFO 19231 --- [localhost-startStop-1] o.s.b.w.servlet.FilterRegistrationBean   : Mapping filter: 'httpPutFormContentFilter' to: [/*]
2018-08-26 14:05:23.950  INFO 19231 --- [localhost-startStop-1] o.s.b.w.servlet.FilterRegistrationBean   : Mapping filter: 'requestContextFilter' to: [/*]
2018-08-26 14:05:23.951  INFO 19231 --- [localhost-startStop-1] o.s.b.w.servlet.FilterRegistrationBean   : Mapping filter: 'corsFilter' to: [/*]
2018-08-26 14:05:23.951  INFO 19231 --- [localhost-startStop-1] o.s.b.w.servlet.ServletRegistrationBean  : Servlet dispatcherServlet mapped to [/]
2018-08-26 14:05:24.521  INFO 19231 --- [main] o.s.w.s.handler.SimpleUrlHandlerMapping  : Mapped URL path [/**/favicon.ico] onto handler of type [class org.springframework.web.servlet.resource.ResourceHttpRequestHandler]
2018-08-26 14:05:24.797  INFO 19231 --- [main] s.w.s.m.m.a.RequestMappingHandlerAdapter : Looking for @ControllerAdvice: org.springframework.boot.web.servlet.context.AnnotationConfigServletWebServerApplicationContext@96def03: startup date [Sun Aug 26 14:05:20 IST 2018]; root of context hierarchy
2018-08-26 14:05:24.871  INFO 19231 --- [main] s.w.s.m.m.a.RequestMappingHandlerMapping : Mapped "{[/mvc/city],methods=[GET]}" onto public java.util.List<com.dac.onlineparking.module.admin.CityVO> com.dac.onlineparking.module.admin.AdminController.selectCity(javax.servlet.http.HttpServletRequest)
2018-08-26 14:05:24.873  INFO 19231 --- [main] s.w.s.m.m.a.RequestMappingHandlerMapping : Mapped "{[/mvc/registration],methods=[POST]}" onto public boolean com.dac.onlineparking.module.admin.AdminController.register(javax.servlet.http.HttpServletRequest,com.dac.onlineparking.module.admin.RegisterVO)
2018-08-26 14:05:24.874  INFO 19231 --- [main] s.w.s.m.m.a.RequestMappingHandlerMapping : Mapped "{[/mvc/login],methods=[GET]}" onto public com.dac.onlineparking.module.login.LoginVO com.dac.onlineparking.module.login.LoginController.login(javax.servlet.http.HttpServletRequest,javax.servlet.http.HttpServletResponse) throws java.lang.Exception
2018-08-26 14:05:24.875  INFO 19231 --- [main] s.w.s.m.m.a.RequestMappingHandlerMapping : Mapped "{[/mvc/logout],methods=[GET]}" onto public boolean com.dac.onlineparking.module.login.LoginController.logout(javax.servlet.http.HttpServletRequest,javax.servlet.http.HttpServletResponse)
2018-08-26 14:05:24.875  INFO 19231 --- [main] s.w.s.m.m.a.RequestMappingHandlerMapping : Mapped "{[/mvc/sendMail]}" onto public java.lang.String com.dac.onlineparking.module.login.LoginController.sendMail(java.lang.String)
2018-08-26 14:05:24.876  INFO 19231 --- [main] s.w.s.m.m.a.RequestMappingHandlerMapping : Mapped "{[/validateOtp]}" onto public java.lang.Boolean com.dac.onlineparking.module.login.LoginController.validateOtp(java.lang.Integer)
2018-08-26 14:05:24.877  INFO 19231 --- [main] s.w.s.m.m.a.RequestMappingHandlerMapping : Mapped "{[/mvc/ownerWallet],methods=[GET]}" onto public com.dac.onlineparking.module.owner.OwnerWalletVO com.dac.onlineparking.module.owner.OwnerController.ownerAddress(int)
2018-08-26 14:05:24.877  INFO 19231 --- [main] s.w.s.m.m.a.RequestMappingHandlerMapping : Mapped "{[/mvc/ownerAddr],methods=[GET]}" onto public com.dac.onlineparking.module.owner.OwnerAddressInfoVO com.dac.onlineparking.module.owner.OwnerController.ownerWallet(int)
2018-08-26 14:05:24.878  INFO 19231 --- [main] s.w.s.m.m.a.RequestMappingHandlerMapping : Mapped "{[/mvc/cityArea],methods=[GET]}" onto public java.util.List<com.dac.onlineparking.module.user.CityAreaVO> com.dac.onlineparking.module.user.UserController.selectCityArea(javax.servlet.http.HttpServletRequest,int)
2018-08-26 14:05:24.879  INFO 19231 --- [main] s.w.s.m.m.a.RequestMappingHandlerMapping : Mapped "{[/mvc/areaSlot],methods=[GET]}" onto public java.util.List<com.dac.onlineparking.module.user.UserBookSlotVO> com.dac.onlineparking.module.user.UserController.getAreaSlot(javax.servlet.http.HttpServletRequest,int)
2018-08-26 14:05:24.880  INFO 19231 --- [main] s.w.s.m.m.a.RequestMappingHandlerMapping : Mapped "{[/mvc/slotBookingUsingWallet],methods=[POST]}" onto public boolean com.dac.onlineparking.module.user.UserController.slotBookUsingWolet(javax.servlet.http.HttpServletRequest,com.dac.onlineparking.module.user.WolletBookVO) throws java.sql.SQLException
2018-08-26 14:05:24.880  INFO 19231 --- [main] s.w.s.m.m.a.RequestMappingHandlerMapping : Mapped "{[/mvc/walletMoney],methods=[GET]}" onto public com.dac.onlineparking.module.user.WalletMoneyVO com.dac.onlineparking.module.user.UserController.walletMoney(javax.servlet.http.HttpServletRequest,int) throws java.sql.SQLException
2018-08-26 14:05:24.887  INFO 19231 --- [main] s.w.s.m.m.a.RequestMappingHandlerMapping : Mapped "{[/error],produces=[text/html]}" onto public org.springframework.web.servlet.ModelAndView org.springframework.boot.autoconfigure.web.servlet.error.BasicErrorController.errorHtml(javax.servlet.http.HttpServletRequest,javax.servlet.http.HttpServletResponse)
2018-08-26 14:05:24.888  INFO 19231 --- [main] s.w.s.m.m.a.RequestMappingHandlerMapping : Mapped "{[/error]}" onto public org.springframework.http.ResponseEntity<java.util.Map<java.lang.String, java.lang.Object>> org.springframework.boot.autoconfigure.web.servlet.error.BasicErrorController.error(javax.servlet.http.HttpServletRequest)
2018-08-26 14:05:24.925  INFO 19231 --- [main] o.s.w.s.handler.SimpleUrlHandlerMapping  : Mapped URL path [/webjars/**] onto handler of type [class org.springframework.web.servlet.resource.ResourceHttpRequestHandler]
2018-08-26 14:05:24.925  INFO 19231 --- [main] o.s.w.s.handler.SimpleUrlHandlerMapping  : Mapped URL path [/**] onto handler of type [class org.springframework.web.servlet.resource.ResourceHttpRequestHandler]
2018-08-26 14:05:24.991  INFO 19231 --- [main] o.s.b.a.w.s.WelcomePageHandlerMapping    : Adding welcome page: ServletContext resource [/index.html]
2018-08-26 14:05:25.192  INFO 19231 --- [main] o.s.j.e.a.AnnotationMBeanExporter        : Registering beans for JMX exposure on startup
2018-08-26 14:05:25.195  INFO 19231 --- [main] o.s.j.e.a.AnnotationMBeanExporter        : Bean with name 'dataSource' has been autodetected for JMX exposure
2018-08-26 14:05:25.203  INFO 19231 --- [main] o.s.j.e.a.AnnotationMBeanExporter        : Located MBean 'dataSource': registering with JMX server as MBean [com.zaxxer.hikari:name=dataSource,type=HikariDataSource]
2018-08-26 14:05:25.367  INFO 19231 --- [main] o.s.b.w.embedded.tomcat.TomcatWebServer  : Tomcat started on port(s): 2020 (http) with context path '/onlineparking'
2018-08-26 14:05:25.372  INFO 19231 --- [main] c.d.o.OnlineparkingApplication           : Started OnlineparkingApplication in 6.151 seconds (JVM running for 10.018)
2018-08-26 14:05:43.633  INFO 19231 --- [http-nio-2020-exec-1] o.a.c.c.C.[.[.[/onlineparking]           : Initializing Spring FrameworkServlet 'dispatcherServlet'
2018-08-26 14:05:43.634  INFO 19231 --- [http-nio-2020-exec-1] o.s.web.servlet.DispatcherServlet        : FrameworkServlet 'dispatcherServlet': initialization started
2018-08-26 14:05:43.655  INFO 19231 --- [http-nio-2020-exec-1] o.s.web.servlet.DispatcherServlet        : FrameworkServlet 'dispatcherServlet': initialization completed in 20 ms
2018-08-26 14:05:43.835  INFO 19231 --- [http-nio-2020-exec-1] com.zaxxer.hikari.HikariDataSource       : onlineparking-kd - Starting...
2018-08-26 14:05:46.529  INFO 19231 --- [http-nio-2020-exec-1] com.zaxxer.hikari.pool.PoolBase          : onlineparking-kd - Driver does not support get/set network timeout for connections. (com.mysql.jdbc.JDBC4Connection.getNetworkTimeout()I)
2018-08-26 14:05:46.567  INFO 19231 --- [http-nio-2020-exec-1] com.zaxxer.hikari.HikariDataSource       : onlineparking-kd - Start completed.
2018-08-26 15:23:38.287  INFO 19231 --- [RMI TCP Connection(2)-127.0.0.1] inMXBeanRegistrar$SpringApplicationAdmin : Application shutdown requested.
2018-08-26 15:23:38.805  INFO 19231 --- [RMI TCP Connection(2)-127.0.0.1] ConfigServletWebServerApplicationContext : Closing org.springframework.boot.web.servlet.context.AnnotationConfigServletWebServerApplicationContext@96def03: startup date [Sun Aug 26 14:05:20 IST 2018]; root of context hierarchy
2018-08-26 15:23:40.816  INFO 19231 --- [RMI TCP Connection(2)-127.0.0.1] o.s.j.e.a.AnnotationMBeanExporter        : Unregistering JMX-exposed beans on shutdown
2018-08-26 15:23:40.853  INFO 19231 --- [RMI TCP Connection(2)-127.0.0.1] o.s.j.e.a.AnnotationMBeanExporter        : Unregistering JMX-exposed beans
2018-08-26 15:23:41.470  INFO 19231 --- [RMI TCP Connection(2)-127.0.0.1] com.zaxxer.hikari.HikariDataSource       : onlineparking-kd - Shutdown initiated...
2018-08-26 15:23:42.339  INFO 19231 --- [RMI TCP Connection(2)-127.0.0.1] com.zaxxer.hikari.HikariDataSource       : onlineparking-kd - Shutdown completed.
2018-08-26 16:47:55.893  INFO 29922 --- [main] c.d.o.OnlineparkingApplication           : Starting OnlineparkingApplication on anil-Lenovo-G50-80 with PID 29922 (/home/anil/dac-proj/onlineparking/target/classes started by anil in /home/anil/dac-proj/onlineparking)
2018-08-26 16:47:56.056  INFO 29922 --- [main] c.d.o.OnlineparkingApplication           : No active profile set, falling back to default profiles: default
2018-08-26 16:47:56.518  INFO 29922 --- [main] ConfigServletWebServerApplicationContext : Refreshing org.springframework.boot.web.servlet.context.AnnotationConfigServletWebServerApplicationContext@71b1176b: startup date [Sun Aug 26 16:47:56 IST 2018]; root of context hierarchy
2018-08-26 16:48:01.864  INFO 29922 --- [main] o.s.b.f.s.DefaultListableBeanFactory     : Overriding bean definition for bean 'dataSource' with a different definition: replacing [Root bean: class [null]; scope=; abstract=false; lazyInit=false; autowireMode=3; dependencyCheck=0; autowireCandidate=true; primary=false; factoryBeanName=org.springframework.boot.autoconfigure.jdbc.DataSourceConfiguration$Generic; factoryMethodName=dataSource; initMethodName=null; destroyMethodName=(inferred); defined in class path resource [org/springframework/boot/autoconfigure/jdbc/DataSourceConfiguration$Generic.class]] with [Root bean: class [null]; scope=; abstract=false; lazyInit=false; autowireMode=3; dependencyCheck=0; autowireCandidate=true; primary=false; factoryBeanName=org.springframework.boot.autoconfigure.jdbc.DataSourceConfiguration$Hikari; factoryMethodName=dataSource; initMethodName=null; destroyMethodName=(inferred); defined in class path resource [org/springframework/boot/autoconfigure/jdbc/DataSourceConfiguration$Hikari.class]]
2018-08-26 16:48:04.971  INFO 29922 --- [main] o.s.b.w.embedded.tomcat.TomcatWebServer  : Tomcat initialized with port(s): 2020 (http)
2018-08-26 16:48:05.263  INFO 29922 --- [main] o.apache.catalina.core.StandardService   : Starting service [Tomcat]
2018-08-26 16:48:05.263  INFO 29922 --- [main] org.apache.catalina.core.StandardEngine  : Starting Servlet Engine: Apache Tomcat/8.5.31
2018-08-26 16:48:05.293  INFO 29922 --- [localhost-startStop-1] o.a.catalina.core.AprLifecycleListener   : The APR based Apache Tomcat Native library which allows optimal performance in production environments was not found on the java.library.path: [/usr/java/packages/lib/amd64:/usr/lib64:/lib64:/lib:/usr/lib]
2018-08-26 16:48:05.962  INFO 29922 --- [localhost-startStop-1] o.a.c.c.C.[.[.[/onlineparking]           : Initializing Spring embedded WebApplicationContext
2018-08-26 16:48:05.963  INFO 29922 --- [localhost-startStop-1] o.s.web.context.ContextLoader            : Root WebApplicationContext: initialization completed in 9445 ms
2018-08-26 16:48:06.382  INFO 29922 --- [localhost-startStop-1] o.s.b.w.servlet.FilterRegistrationBean   : Mapping filter: 'characterEncodingFilter' to: [/*]
2018-08-26 16:48:06.382  INFO 29922 --- [localhost-startStop-1] o.s.b.w.servlet.FilterRegistrationBean   : Mapping filter: 'hiddenHttpMethodFilter' to: [/*]
2018-08-26 16:48:06.382  INFO 29922 --- [localhost-startStop-1] o.s.b.w.servlet.FilterRegistrationBean   : Mapping filter: 'httpPutFormContentFilter' to: [/*]
2018-08-26 16:48:06.383  INFO 29922 --- [localhost-startStop-1] o.s.b.w.servlet.FilterRegistrationBean   : Mapping filter: 'requestContextFilter' to: [/*]
2018-08-26 16:48:06.383  INFO 29922 --- [localhost-startStop-1] o.s.b.w.servlet.FilterRegistrationBean   : Mapping filter: 'corsFilter' to: [/*]
2018-08-26 16:48:06.383  INFO 29922 --- [localhost-startStop-1] o.s.b.w.servlet.ServletRegistrationBean  : Servlet dispatcherServlet mapped to [/]
2018-08-26 16:48:08.097  INFO 29922 --- [main] o.s.w.s.handler.SimpleUrlHandlerMapping  : Mapped URL path [/**/favicon.ico] onto handler of type [class org.springframework.web.servlet.resource.ResourceHttpRequestHandler]
2018-08-26 16:48:08.536  INFO 29922 --- [main] s.w.s.m.m.a.RequestMappingHandlerAdapter : Looking for @ControllerAdvice: org.springframework.boot.web.servlet.context.AnnotationConfigServletWebServerApplicationContext@71b1176b: startup date [Sun Aug 26 16:47:56 IST 2018]; root of context hierarchy
2018-08-26 16:48:08.711  INFO 29922 --- [main] s.w.s.m.m.a.RequestMappingHandlerMapping : Mapped "{[/mvc/city],methods=[GET]}" onto public java.util.List<com.dac.onlineparking.module.admin.CityVO> com.dac.onlineparking.module.admin.AdminController.selectCity(javax.servlet.http.HttpServletRequest)
2018-08-26 16:48:08.712  INFO 29922 --- [main] s.w.s.m.m.a.RequestMappingHandlerMapping : Mapped "{[/mvc/registration],methods=[POST]}" onto public boolean com.dac.onlineparking.module.admin.AdminController.register(javax.servlet.http.HttpServletRequest,com.dac.onlineparking.module.admin.RegisterVO)
2018-08-26 16:48:08.714  INFO 29922 --- [main] s.w.s.m.m.a.RequestMappingHandlerMapping : Mapped "{[/mvc/logout],methods=[GET]}" onto public boolean com.dac.onlineparking.module.login.LoginController.logout(javax.servlet.http.HttpServletRequest,javax.servlet.http.HttpServletResponse)
2018-08-26 16:48:08.714  INFO 29922 --- [main] s.w.s.m.m.a.RequestMappingHandlerMapping : Mapped "{[/mvc/sendMail]}" onto public com.dac.onlineparking.module.login.ForgetResponseVO com.dac.onlineparking.module.login.LoginController.sendMail(java.lang.String)
2018-08-26 16:48:08.715  INFO 29922 --- [main] s.w.s.m.m.a.RequestMappingHandlerMapping : Mapped "{[/mvc/login],methods=[GET]}" onto public com.dac.onlineparking.module.login.LoginVO com.dac.onlineparking.module.login.LoginController.login(javax.servlet.http.HttpServletRequest,javax.servlet.http.HttpServletResponse) throws java.lang.Exception
2018-08-26 16:48:08.716  INFO 29922 --- [main] s.w.s.m.m.a.RequestMappingHandlerMapping : Mapped "{[/mvc/validateOtp]}" onto public java.lang.Boolean com.dac.onlineparking.module.login.LoginController.validateOtp(java.lang.Integer,javax.servlet.http.HttpServletRequest,javax.servlet.http.HttpServletResponse)
2018-08-26 16:48:08.717  INFO 29922 --- [main] s.w.s.m.m.a.RequestMappingHandlerMapping : Mapped "{[/mvc/resetPassword]}" onto public boolean com.dac.onlineparking.module.login.LoginController.resetPassword(javax.servlet.http.HttpServletRequest,javax.servlet.http.HttpServletResponse,java.lang.String)
2018-08-26 16:48:08.718  INFO 29922 --- [main] s.w.s.m.m.a.RequestMappingHandlerMapping : Mapped "{[/mvc/ownerWallet],methods=[GET]}" onto public com.dac.onlineparking.module.owner.OwnerWalletVO com.dac.onlineparking.module.owner.OwnerController.ownerAddress(int)
2018-08-26 16:48:08.719  INFO 29922 --- [main] s.w.s.m.m.a.RequestMappingHandlerMapping : Mapped "{[/mvc/ownerAddr],methods=[GET]}" onto public com.dac.onlineparking.module.owner.OwnerAddressInfoVO com.dac.onlineparking.module.owner.OwnerController.ownerWallet(int)
2018-08-26 16:48:08.722  INFO 29922 --- [main] s.w.s.m.m.a.RequestMappingHandlerMapping : Mapped "{[/mvc/cityArea],methods=[GET]}" onto public java.util.List<com.dac.onlineparking.module.user.CityAreaVO> com.dac.onlineparking.module.user.UserController.selectCityArea(javax.servlet.http.HttpServletRequest,int)
2018-08-26 16:48:08.723  INFO 29922 --- [main] s.w.s.m.m.a.RequestMappingHandlerMapping : Mapped "{[/mvc/areaSlot],methods=[GET]}" onto public java.util.List<com.dac.onlineparking.module.user.UserBookSlotVO> com.dac.onlineparking.module.user.UserController.getAreaSlot(javax.servlet.http.HttpServletRequest,int)
2018-08-26 16:48:08.724  INFO 29922 --- [main] s.w.s.m.m.a.RequestMappingHandlerMapping : Mapped "{[/mvc/slotBookingUsingWallet],methods=[POST]}" onto public boolean com.dac.onlineparking.module.user.UserController.slotBookUsingWolet(javax.servlet.http.HttpServletRequest,com.dac.onlineparking.module.user.WolletBookVO) throws java.sql.SQLException
2018-08-26 16:48:08.725  INFO 29922 --- [main] s.w.s.m.m.a.RequestMappingHandlerMapping : Mapped "{[/mvc/walletMoney],methods=[GET]}" onto public com.dac.onlineparking.module.user.WalletMoneyVO com.dac.onlineparking.module.user.UserController.walletMoney(javax.servlet.http.HttpServletRequest,int) throws java.sql.SQLException
2018-08-26 16:48:08.735  INFO 29922 --- [main] s.w.s.m.m.a.RequestMappingHandlerMapping : Mapped "{[/error],produces=[text/html]}" onto public org.springframework.web.servlet.ModelAndView org.springframework.boot.autoconfigure.web.servlet.error.BasicErrorController.errorHtml(javax.servlet.http.HttpServletRequest,javax.servlet.http.HttpServletResponse)
2018-08-26 16:48:08.737  INFO 29922 --- [main] s.w.s.m.m.a.RequestMappingHandlerMapping : Mapped "{[/error]}" onto public org.springframework.http.ResponseEntity<java.util.Map<java.lang.String, java.lang.Object>> org.springframework.boot.autoconfigure.web.servlet.error.BasicErrorController.error(javax.servlet.http.HttpServletRequest)
2018-08-26 16:48:08.776  INFO 29922 --- [main] o.s.w.s.handler.SimpleUrlHandlerMapping  : Mapped URL path [/webjars/**] onto handler of type [class org.springframework.web.servlet.resource.ResourceHttpRequestHandler]
2018-08-26 16:48:08.776  INFO 29922 --- [main] o.s.w.s.handler.SimpleUrlHandlerMapping  : Mapped URL path [/**] onto handler of type [class org.springframework.web.servlet.resource.ResourceHttpRequestHandler]
2018-08-26 16:48:08.917  INFO 29922 --- [main] o.s.b.a.w.s.WelcomePageHandlerMapping    : Adding welcome page: ServletContext resource [/index.html]
2018-08-26 16:48:09.594  INFO 29922 --- [main] o.s.j.e.a.AnnotationMBeanExporter        : Registering beans for JMX exposure on startup
2018-08-26 16:48:09.597  INFO 29922 --- [main] o.s.j.e.a.AnnotationMBeanExporter        : Bean with name 'dataSource' has been autodetected for JMX exposure
2018-08-26 16:48:09.638  INFO 29922 --- [main] o.s.j.e.a.AnnotationMBeanExporter        : Located MBean 'dataSource': registering with JMX server as MBean [com.zaxxer.hikari:name=dataSource,type=HikariDataSource]
2018-08-26 16:48:09.932  INFO 29922 --- [main] o.s.b.w.embedded.tomcat.TomcatWebServer  : Tomcat started on port(s): 2020 (http) with context path '/onlineparking'
2018-08-26 16:48:09.942  INFO 29922 --- [main] c.d.o.OnlineparkingApplication           : Started OnlineparkingApplication in 17.649 seconds (JVM running for 29.114)
2018-08-26 16:56:16.044  INFO 29922 --- [http-nio-2020-exec-1] o.a.c.c.C.[.[.[/onlineparking]           : Initializing Spring FrameworkServlet 'dispatcherServlet'
2018-08-26 16:56:16.088  INFO 29922 --- [http-nio-2020-exec-1] o.s.web.servlet.DispatcherServlet        : FrameworkServlet 'dispatcherServlet': initialization started
2018-08-26 16:56:16.241  INFO 29922 --- [http-nio-2020-exec-1] o.s.web.servlet.DispatcherServlet        : FrameworkServlet 'dispatcherServlet': initialization completed in 153 ms
2018-08-26 16:56:51.737  INFO 29922 --- [http-nio-2020-exec-5] org.apache.tomcat.util.http.Parameters   : Invalid chunk starting at byte [0] and ending at byte [22] with a value of [=anilingle91@gmail.com] ignored
 Note: further occurrences of Parameter errors will be logged at DEBUG level.
2018-08-26 17:02:55.409  INFO 29922 --- [RMI TCP Connection(2)-127.0.0.1] inMXBeanRegistrar$SpringApplicationAdmin : Application shutdown requested.
2018-08-26 17:02:55.495  INFO 29922 --- [RMI TCP Connection(2)-127.0.0.1] ConfigServletWebServerApplicationContext : Closing org.springframework.boot.web.servlet.context.AnnotationConfigServletWebServerApplicationContext@71b1176b: startup date [Sun Aug 26 16:47:56 IST 2018]; root of context hierarchy
2018-08-26 17:02:55.498  INFO 29922 --- [RMI TCP Connection(2)-127.0.0.1] o.s.j.e.a.AnnotationMBeanExporter        : Unregistering JMX-exposed beans on shutdown
2018-08-26 17:02:55.500  INFO 29922 --- [RMI TCP Connection(2)-127.0.0.1] o.s.j.e.a.AnnotationMBeanExporter        : Unregistering JMX-exposed beans
2018-08-26 17:03:23.448  INFO 31049 --- [main] c.d.o.OnlineparkingApplication           : Starting OnlineparkingApplication on anil-Lenovo-G50-80 with PID 31049 (/home/anil/dac-proj/onlineparking/target/classes started by anil in /home/anil/dac-proj/onlineparking)
2018-08-26 17:03:23.467  INFO 31049 --- [main] c.d.o.OnlineparkingApplication           : No active profile set, falling back to default profiles: default
2018-08-26 17:03:23.700  INFO 31049 --- [main] ConfigServletWebServerApplicationContext : Refreshing org.springframework.boot.web.servlet.context.AnnotationConfigServletWebServerApplicationContext@2b6faea6: startup date [Sun Aug 26 17:03:23 IST 2018]; root of context hierarchy
2018-08-26 17:03:26.572  INFO 31049 --- [main] o.s.b.f.s.DefaultListableBeanFactory     : Overriding bean definition for bean 'dataSource' with a different definition: replacing [Root bean: class [null]; scope=; abstract=false; lazyInit=false; autowireMode=3; dependencyCheck=0; autowireCandidate=true; primary=false; factoryBeanName=org.springframework.boot.autoconfigure.jdbc.DataSourceConfiguration$Generic; factoryMethodName=dataSource; initMethodName=null; destroyMethodName=(inferred); defined in class path resource [org/springframework/boot/autoconfigure/jdbc/DataSourceConfiguration$Generic.class]] with [Root bean: class [null]; scope=; abstract=false; lazyInit=false; autowireMode=3; dependencyCheck=0; autowireCandidate=true; primary=false; factoryBeanName=org.springframework.boot.autoconfigure.jdbc.DataSourceConfiguration$Hikari; factoryMethodName=dataSource; initMethodName=null; destroyMethodName=(inferred); defined in class path resource [org/springframework/boot/autoconfigure/jdbc/DataSourceConfiguration$Hikari.class]]
2018-08-26 17:03:28.340  INFO 31049 --- [main] o.s.b.w.embedded.tomcat.TomcatWebServer  : Tomcat initialized with port(s): 2020 (http)
2018-08-26 17:03:28.388  INFO 31049 --- [main] o.apache.catalina.core.StandardService   : Starting service [Tomcat]
2018-08-26 17:03:28.389  INFO 31049 --- [main] org.apache.catalina.core.StandardEngine  : Starting Servlet Engine: Apache Tomcat/8.5.31
2018-08-26 17:03:28.396  INFO 31049 --- [localhost-startStop-1] o.a.catalina.core.AprLifecycleListener   : The APR based Apache Tomcat Native library which allows optimal performance in production environments was not found on the java.library.path: [/usr/java/packages/lib/amd64:/usr/lib64:/lib64:/lib:/usr/lib]
2018-08-26 17:03:28.936  INFO 31049 --- [localhost-startStop-1] o.a.c.c.C.[.[.[/onlineparking]           : Initializing Spring embedded WebApplicationContext
2018-08-26 17:03:28.936  INFO 31049 --- [localhost-startStop-1] o.s.web.context.ContextLoader            : Root WebApplicationContext: initialization completed in 5236 ms
2018-08-26 17:03:29.537  INFO 31049 --- [localhost-startStop-1] o.s.b.w.servlet.FilterRegistrationBean   : Mapping filter: 'characterEncodingFilter' to: [/*]
2018-08-26 17:03:29.538  INFO 31049 --- [localhost-startStop-1] o.s.b.w.servlet.FilterRegistrationBean   : Mapping filter: 'hiddenHttpMethodFilter' to: [/*]
2018-08-26 17:03:29.539  INFO 31049 --- [localhost-startStop-1] o.s.b.w.servlet.FilterRegistrationBean   : Mapping filter: 'httpPutFormContentFilter' to: [/*]
2018-08-26 17:03:29.539  INFO 31049 --- [localhost-startStop-1] o.s.b.w.servlet.FilterRegistrationBean   : Mapping filter: 'requestContextFilter' to: [/*]
2018-08-26 17:03:29.540  INFO 31049 --- [localhost-startStop-1] o.s.b.w.servlet.FilterRegistrationBean   : Mapping filter: 'corsFilter' to: [/*]
2018-08-26 17:03:29.540  INFO 31049 --- [localhost-startStop-1] o.s.b.w.servlet.ServletRegistrationBean  : Servlet dispatcherServlet mapped to [/]
2018-08-26 17:03:30.725  INFO 31049 --- [main] o.s.w.s.handler.SimpleUrlHandlerMapping  : Mapped URL path [/**/favicon.ico] onto handler of type [class org.springframework.web.servlet.resource.ResourceHttpRequestHandler]
2018-08-26 17:03:31.048  INFO 31049 --- [main] s.w.s.m.m.a.RequestMappingHandlerAdapter : Looking for @ControllerAdvice: org.springframework.boot.web.servlet.context.AnnotationConfigServletWebServerApplicationContext@2b6faea6: startup date [Sun Aug 26 17:03:23 IST 2018]; root of context hierarchy
2018-08-26 17:03:31.164  INFO 31049 --- [main] s.w.s.m.m.a.RequestMappingHandlerMapping : Mapped "{[/mvc/city],methods=[GET]}" onto public java.util.List<com.dac.onlineparking.module.admin.CityVO> com.dac.onlineparking.module.admin.AdminController.selectCity(javax.servlet.http.HttpServletRequest)
2018-08-26 17:03:31.165  INFO 31049 --- [main] s.w.s.m.m.a.RequestMappingHandlerMapping : Mapped "{[/mvc/registration],methods=[POST]}" onto public boolean com.dac.onlineparking.module.admin.AdminController.register(javax.servlet.http.HttpServletRequest,com.dac.onlineparking.module.admin.RegisterVO)
2018-08-26 17:03:31.167  INFO 31049 --- [main] s.w.s.m.m.a.RequestMappingHandlerMapping : Mapped "{[/mvc/logout],methods=[GET]}" onto public boolean com.dac.onlineparking.module.login.LoginController.logout(javax.servlet.http.HttpServletRequest,javax.servlet.http.HttpServletResponse)
2018-08-26 17:03:31.168  INFO 31049 --- [main] s.w.s.m.m.a.RequestMappingHandlerMapping : Mapped "{[/mvc/sendMail],methods=[GET]}" onto public com.dac.onlineparking.module.login.ForgetResponseVO com.dac.onlineparking.module.login.LoginController.sendMail(java.lang.String)
2018-08-26 17:03:31.168  INFO 31049 --- [main] s.w.s.m.m.a.RequestMappingHandlerMapping : Mapped "{[/mvc/login],methods=[GET]}" onto public com.dac.onlineparking.module.login.LoginVO com.dac.onlineparking.module.login.LoginController.login(javax.servlet.http.HttpServletRequest,javax.servlet.http.HttpServletResponse) throws java.lang.Exception
2018-08-26 17:03:31.169  INFO 31049 --- [main] s.w.s.m.m.a.RequestMappingHandlerMapping : Mapped "{[/mvc/validateOtp],methods=[GET]}" onto public java.lang.Boolean com.dac.onlineparking.module.login.LoginController.validateOtp(java.lang.Integer,javax.servlet.http.HttpServletRequest,javax.servlet.http.HttpServletResponse)
2018-08-26 17:03:31.169  INFO 31049 --- [main] s.w.s.m.m.a.RequestMappingHandlerMapping : Mapped "{[/mvc/resetPassword]}" onto public boolean com.dac.onlineparking.module.login.LoginController.resetPassword(javax.servlet.http.HttpServletRequest,javax.servlet.http.HttpServletResponse,java.lang.String)
2018-08-26 17:03:31.171  INFO 31049 --- [main] s.w.s.m.m.a.RequestMappingHandlerMapping : Mapped "{[/mvc/ownerWallet],methods=[GET]}" onto public com.dac.onlineparking.module.owner.OwnerWalletVO com.dac.onlineparking.module.owner.OwnerController.ownerAddress(int)
2018-08-26 17:03:31.171  INFO 31049 --- [main] s.w.s.m.m.a.RequestMappingHandlerMapping : Mapped "{[/mvc/ownerAddr],methods=[GET]}" onto public com.dac.onlineparking.module.owner.OwnerAddressInfoVO com.dac.onlineparking.module.owner.OwnerController.ownerWallet(int)
2018-08-26 17:03:31.172  INFO 31049 --- [main] s.w.s.m.m.a.RequestMappingHandlerMapping : Mapped "{[/mvc/cityArea],methods=[GET]}" onto public java.util.List<com.dac.onlineparking.module.user.CityAreaVO> com.dac.onlineparking.module.user.UserController.selectCityArea(javax.servlet.http.HttpServletRequest,int)
2018-08-26 17:03:31.173  INFO 31049 --- [main] s.w.s.m.m.a.RequestMappingHandlerMapping : Mapped "{[/mvc/areaSlot],methods=[GET]}" onto public java.util.List<com.dac.onlineparking.module.user.UserBookSlotVO> com.dac.onlineparking.module.user.UserController.getAreaSlot(javax.servlet.http.HttpServletRequest,int)
2018-08-26 17:03:31.174  INFO 31049 --- [main] s.w.s.m.m.a.RequestMappingHandlerMapping : Mapped "{[/mvc/slotBookingUsingWallet],methods=[POST]}" onto public boolean com.dac.onlineparking.module.user.UserController.slotBookUsingWolet(javax.servlet.http.HttpServletRequest,com.dac.onlineparking.module.user.WolletBookVO) throws java.sql.SQLException
2018-08-26 17:03:31.174  INFO 31049 --- [main] s.w.s.m.m.a.RequestMappingHandlerMapping : Mapped "{[/mvc/walletMoney],methods=[GET]}" onto public com.dac.onlineparking.module.user.WalletMoneyVO com.dac.onlineparking.module.user.UserController.walletMoney(javax.servlet.http.HttpServletRequest,int) throws java.sql.SQLException
2018-08-26 17:03:31.179  INFO 31049 --- [main] s.w.s.m.m.a.RequestMappingHandlerMapping : Mapped "{[/error],produces=[text/html]}" onto public org.springframework.web.servlet.ModelAndView org.springframework.boot.autoconfigure.web.servlet.error.BasicErrorController.errorHtml(javax.servlet.http.HttpServletRequest,javax.servlet.http.HttpServletResponse)
2018-08-26 17:03:31.180  INFO 31049 --- [main] s.w.s.m.m.a.RequestMappingHandlerMapping : Mapped "{[/error]}" onto public org.springframework.http.ResponseEntity<java.util.Map<java.lang.String, java.lang.Object>> org.springframework.boot.autoconfigure.web.servlet.error.BasicErrorController.error(javax.servlet.http.HttpServletRequest)
2018-08-26 17:03:31.215  INFO 31049 --- [main] o.s.w.s.handler.SimpleUrlHandlerMapping  : Mapped URL path [/webjars/**] onto handler of type [class org.springframework.web.servlet.resource.ResourceHttpRequestHandler]
2018-08-26 17:03:31.215  INFO 31049 --- [main] o.s.w.s.handler.SimpleUrlHandlerMapping  : Mapped URL path [/**] onto handler of type [class org.springframework.web.servlet.resource.ResourceHttpRequestHandler]
2018-08-26 17:03:31.276  INFO 31049 --- [main] o.s.b.a.w.s.WelcomePageHandlerMapping    : Adding welcome page: ServletContext resource [/index.html]
2018-08-26 17:03:31.519  INFO 31049 --- [main] o.s.j.e.a.AnnotationMBeanExporter        : Registering beans for JMX exposure on startup
2018-08-26 17:03:31.524  INFO 31049 --- [main] o.s.j.e.a.AnnotationMBeanExporter        : Bean with name 'dataSource' has been autodetected for JMX exposure
2018-08-26 17:03:31.531  INFO 31049 --- [main] o.s.j.e.a.AnnotationMBeanExporter        : Located MBean 'dataSource': registering with JMX server as MBean [com.zaxxer.hikari:name=dataSource,type=HikariDataSource]
2018-08-26 17:03:31.623  INFO 31049 --- [main] o.s.b.w.embedded.tomcat.TomcatWebServer  : Tomcat started on port(s): 2020 (http) with context path '/onlineparking'
2018-08-26 17:03:31.629  INFO 31049 --- [main] c.d.o.OnlineparkingApplication           : Started OnlineparkingApplication in 9.572 seconds (JVM running for 13.595)
2018-08-26 18:19:57.679  INFO 31049 --- [http-nio-2020-exec-2] o.a.c.c.C.[.[.[/onlineparking]           : Initializing Spring FrameworkServlet 'dispatcherServlet'
2018-08-26 18:19:57.745  INFO 31049 --- [http-nio-2020-exec-2] o.s.web.servlet.DispatcherServlet        : FrameworkServlet 'dispatcherServlet': initialization started
2018-08-26 18:19:57.886  INFO 31049 --- [http-nio-2020-exec-2] o.s.web.servlet.DispatcherServlet        : FrameworkServlet 'dispatcherServlet': initialization completed in 141 ms
2018-08-26 18:19:59.432  INFO 31049 --- [http-nio-2020-exec-2] com.zaxxer.hikari.HikariDataSource       : onlineparking-kd - Starting...
2018-08-26 18:20:06.406  INFO 31049 --- [http-nio-2020-exec-2] com.zaxxer.hikari.pool.PoolBase          : onlineparking-kd - Driver does not support get/set network timeout for connections. (com.mysql.jdbc.JDBC4Connection.getNetworkTimeout()I)
2018-08-26 18:20:06.488  INFO 31049 --- [http-nio-2020-exec-2] com.zaxxer.hikari.HikariDataSource       : onlineparking-kd - Start completed.
2018-08-26 18:35:02.038  INFO 31049 --- [RMI TCP Connection(2)-127.0.0.1] inMXBeanRegistrar$SpringApplicationAdmin : Application shutdown requested.
2018-08-26 18:35:03.358  INFO 31049 --- [RMI TCP Connection(2)-127.0.0.1] ConfigServletWebServerApplicationContext : Closing org.springframework.boot.web.servlet.context.AnnotationConfigServletWebServerApplicationContext@2b6faea6: startup date [Sun Aug 26 17:03:23 IST 2018]; root of context hierarchy
2018-08-26 18:35:04.252  INFO 31049 --- [RMI TCP Connection(2)-127.0.0.1] o.s.j.e.a.AnnotationMBeanExporter        : Unregistering JMX-exposed beans on shutdown
2018-08-26 18:35:04.291  INFO 31049 --- [RMI TCP Connection(2)-127.0.0.1] o.s.j.e.a.AnnotationMBeanExporter        : Unregistering JMX-exposed beans
2018-08-26 18:35:04.391  INFO 31049 --- [RMI TCP Connection(2)-127.0.0.1] com.zaxxer.hikari.HikariDataSource       : onlineparking-kd - Shutdown initiated...
2018-08-26 18:35:04.761  INFO 31049 --- [RMI TCP Connection(2)-127.0.0.1] com.zaxxer.hikari.HikariDataSource       : onlineparking-kd - Shutdown completed.
